The target system is: Buildroot - 1 - aarch64
The host system is: Linux - 4.15.0-112-generic - x86_64
Compiling the C compiler identification source file "CMakeCCompilerId.c" succeeded.
Compiler: /mnt/vda3/test_netconf/openil_1028/output/host/bin/aarch64-linux-gnu-gcc 
Build flags: -D_LARGEFILE_SOURCE;-D_LARGEFILE64_SOURCE;-D_FILE_OFFSET_BITS=64;-Os
Id flags:  

The output was:
0


Compilation of the C compiler identification source "CMakeCCompilerId.c" produced "a.out"

The C compiler identification is GNU, found in "/mnt/vda3/test_netconf/openil_1028/output/build/qoriq-sysrepo-tsn-v0.2/CMakeFiles/3.13.3/CompilerIdC/a.out"

Compiling the CXX compiler identification source file "CMakeCXXCompilerId.cpp" succeeded.
Compiler: /mnt/vda3/test_netconf/openil_1028/output/host/bin/aarch64-linux-gnu-g++ 
Build flags: -D_LARGEFILE_SOURCE;-D_LARGEFILE64_SOURCE;-D_FILE_OFFSET_BITS=64;-Os
Id flags:  

The output was:
0


Compilation of the CXX compiler identification source "CMakeCXXCompilerId.cpp" produced "a.out"

The CXX compiler identification is GNU, found in "/mnt/vda3/test_netconf/openil_1028/output/build/qoriq-sysrepo-tsn-v0.2/CMakeFiles/3.13.3/CompilerIdCXX/a.out"

Determining if the C compiler works passed with the following output:
Change Dir: /mnt/vda3/test_netconf/openil_1028/output/build/qoriq-sysrepo-tsn-v0.2/CMakeFiles/CMakeTmp

Run Build Command:"/usr/bin/make" "cmTC_3f066/fast"
make[1]: Entering directory '/mnt/vda3/test_netconf/openil_1028/output/build/qoriq-sysrepo-tsn-v0.2/CMakeFiles/CMakeTmp'
/usr/bin/make -f CMakeFiles/cmTC_3f066.dir/build.make CMakeFiles/cmTC_3f066.dir/build
make[2]: Entering directory '/mnt/vda3/test_netconf/openil_1028/output/build/qoriq-sysrepo-tsn-v0.2/CMakeFiles/CMakeTmp'
Building C object CMakeFiles/cmTC_3f066.dir/testCCompiler.c.o
/mnt/vda3/test_netconf/openil_1028/output/host/bin/aarch64-linux-gnu-gcc --sysroot=/mnt/vda3/test_netconf/openil_1028/output/host/aarch64-buildroot-linux-gnu/sysroot   -D_LARGEFILE_SOURCE -D_LARGEFILE64_SOURCE -D_FILE_OFFSET_BITS=64 -Os   -DNDEBUG   -o CMakeFiles/cmTC_3f066.dir/testCCompiler.c.o   -c /mnt/vda3/test_netconf/openil_1028/output/build/qoriq-sysrepo-tsn-v0.2/CMakeFiles/CMakeTmp/testCCompiler.c
Linking C executable cmTC_3f066
/home/whb/.local/lib/python3.6/site-packages/cmake/data/bin/cmake -E cmake_link_script CMakeFiles/cmTC_3f066.dir/link.txt --verbose=1
/mnt/vda3/test_netconf/openil_1028/output/host/bin/aarch64-linux-gnu-gcc --sysroot=/mnt/vda3/test_netconf/openil_1028/output/host/aarch64-buildroot-linux-gnu/sysroot -D_LARGEFILE_SOURCE -D_LARGEFILE64_SOURCE -D_FILE_OFFSET_BITS=64 -Os   -DNDEBUG    CMakeFiles/cmTC_3f066.dir/testCCompiler.c.o  -o cmTC_3f066 
make[2]: Leaving directory '/mnt/vda3/test_netconf/openil_1028/output/build/qoriq-sysrepo-tsn-v0.2/CMakeFiles/CMakeTmp'
make[1]: Leaving directory '/mnt/vda3/test_netconf/openil_1028/output/build/qoriq-sysrepo-tsn-v0.2/CMakeFiles/CMakeTmp'


Detecting C compiler ABI info compiled with the following output:
Change Dir: /mnt/vda3/test_netconf/openil_1028/output/build/qoriq-sysrepo-tsn-v0.2/CMakeFiles/CMakeTmp

Run Build Command:"/usr/bin/make" "cmTC_6a852/fast"
make[1]: Entering directory '/mnt/vda3/test_netconf/openil_1028/output/build/qoriq-sysrepo-tsn-v0.2/CMakeFiles/CMakeTmp'
/usr/bin/make -f CMakeFiles/cmTC_6a852.dir/build.make CMakeFiles/cmTC_6a852.dir/build
make[2]: Entering directory '/mnt/vda3/test_netconf/openil_1028/output/build/qoriq-sysrepo-tsn-v0.2/CMakeFiles/CMakeTmp'
Building C object CMakeFiles/cmTC_6a852.dir/CMakeCCompilerABI.c.o
/mnt/vda3/test_netconf/openil_1028/output/host/bin/aarch64-linux-gnu-gcc --sysroot=/mnt/vda3/test_netconf/openil_1028/output/host/aarch64-buildroot-linux-gnu/sysroot   -D_LARGEFILE_SOURCE -D_LARGEFILE64_SOURCE -D_FILE_OFFSET_BITS=64 -Os   -DNDEBUG   -o CMakeFiles/cmTC_6a852.dir/CMakeCCompilerABI.c.o   -c /home/whb/.local/lib/python3.6/site-packages/cmake/data/share/cmake-3.13/Modules/CMakeCCompilerABI.c
Linking C executable cmTC_6a852
/home/whb/.local/lib/python3.6/site-packages/cmake/data/bin/cmake -E cmake_link_script CMakeFiles/cmTC_6a852.dir/link.txt --verbose=1
/mnt/vda3/test_netconf/openil_1028/output/host/bin/aarch64-linux-gnu-gcc --sysroot=/mnt/vda3/test_netconf/openil_1028/output/host/aarch64-buildroot-linux-gnu/sysroot -D_LARGEFILE_SOURCE -D_LARGEFILE64_SOURCE -D_FILE_OFFSET_BITS=64 -Os   -DNDEBUG   -v CMakeFiles/cmTC_6a852.dir/CMakeCCompilerABI.c.o  -o cmTC_6a852 
Using built-in specs.
COLLECT_GCC=/mnt/vda3/test_netconf/openil_1028/output/host/opt/ext-toolchain/bin/aarch64-linux-gnu-gcc
COLLECT_LTO_WRAPPER=/mnt/vda3/test_netconf/openil_1028/output/host/opt/ext-toolchain/bin/../libexec/gcc/aarch64-linux-gnu/7.5.0/lto-wrapper
Target: aarch64-linux-gnu
Configured with: '/home/tcwg-buildslave/workspace/tcwg-make-release_0/snapshots/gcc.git~linaro-7.5-2019.12/configure' SHELL=/bin/bash --with-mpc=/home/tcwg-buildslave/workspace/tcwg-make-release_0/_build/builds/destdir/x86_64-unknown-linux-gnu --with-mpfr=/home/tcwg-buildslave/workspace/tcwg-make-release_0/_build/builds/destdir/x86_64-unknown-linux-gnu --with-gmp=/home/tcwg-buildslave/workspace/tcwg-make-release_0/_build/builds/destdir/x86_64-unknown-linux-gnu --with-gnu-as --with-gnu-ld --disable-libmudflap --enable-lto --enable-shared --without-included-gettext --enable-nls --with-system-zlib --disable-sjlj-exceptions --enable-gnu-unique-object --enable-linker-build-id --disable-libstdcxx-pch --enable-c99 --enable-clocale=gnu --enable-libstdcxx-debug --enable-long-long --with-cloog=no --with-ppl=no --with-isl=no --disable-multilib --enable-fix-cortex-a53-835769 --enable-fix-cortex-a53-843419 --with-arch=armv8-a --enable-threads=posix --enable-multiarch --enable-libstdcxx-time=yes --enable-gnu-indirect-function --with-build-sysroot=/home/tcwg-buildslave/workspace/tcwg-make-release_0/_build/sysroots/aarch64-linux-gnu --with-sysroot=/home/tcwg-buildslave/workspace/tcwg-make-release_0/_build/builds/destdir/x86_64-unknown-linux-gnu/aarch64-linux-gnu/libc --enable-checking=release --disable-bootstrap --enable-languages=c,c++,fortran,lto --build=x86_64-unknown-linux-gnu --host=x86_64-unknown-linux-gnu --target=aarch64-linux-gnu --prefix=/home/tcwg-buildslave/workspace/tcwg-make-release_0/_build/builds/destdir/x86_64-unknown-linux-gnu
Thread model: posix
gcc version 7.5.0 (Linaro GCC 7.5-2019.12) 
COMPILER_PATH=/mnt/vda3/test_netconf/openil_1028/output/host/opt/ext-toolchain/bin/../libexec/gcc/aarch64-linux-gnu/7.5.0/:/mnt/vda3/test_netconf/openil_1028/output/host/opt/ext-toolchain/bin/../libexec/gcc/aarch64-linux-gnu/:/mnt/vda3/test_netconf/openil_1028/output/host/opt/ext-toolchain/bin/../libexec/gcc/:/mnt/vda3/test_netconf/openil_1028/output/host/opt/ext-toolchain/bin/../lib/gcc/aarch64-linux-gnu/7.5.0/../../../../aarch64-linux-gnu/bin/
LIBRARY_PATH=/mnt/vda3/test_netconf/openil_1028/output/host/opt/ext-toolchain/bin/../lib/gcc/aarch64-linux-gnu/7.5.0/:/mnt/vda3/test_netconf/openil_1028/output/host/opt/ext-toolchain/bin/../lib/gcc/aarch64-linux-gnu/:/mnt/vda3/test_netconf/openil_1028/output/host/opt/ext-toolchain/bin/../lib/gcc/:/mnt/vda3/test_netconf/openil_1028/output/host/opt/ext-toolchain/bin/../lib/gcc/aarch64-linux-gnu/7.5.0/../../../../aarch64-linux-gnu/lib/../lib64/:/mnt/vda3/test_netconf/openil_1028/output/host/aarch64-buildroot-linux-gnu/sysroot/lib/../lib64/:/mnt/vda3/test_netconf/openil_1028/output/host/aarch64-buildroot-linux-gnu/sysroot/usr/lib/../lib64/:/mnt/vda3/test_netconf/openil_1028/output/host/opt/ext-toolchain/bin/../lib/gcc/aarch64-linux-gnu/7.5.0/../../../../aarch64-linux-gnu/lib/:/mnt/vda3/test_netconf/openil_1028/output/host/aarch64-buildroot-linux-gnu/sysroot/lib/:/mnt/vda3/test_netconf/openil_1028/output/host/aarch64-buildroot-linux-gnu/sysroot/usr/lib/
COLLECT_GCC_OPTIONS='-mabi=lp64' '-mcpu=cortex-a72' '-D' '_LARGEFILE_SOURCE' '-D' '_LARGEFILE64_SOURCE' '-D' '_FILE_OFFSET_BITS=64' '-Os' '-D' 'NDEBUG' '-v' '-o' 'cmTC_6a852' '-mlittle-endian'
 /mnt/vda3/test_netconf/openil_1028/output/host/opt/ext-toolchain/bin/../libexec/gcc/aarch64-linux-gnu/7.5.0/collect2 -plugin /mnt/vda3/test_netconf/openil_1028/output/host/opt/ext-toolchain/bin/../libexec/gcc/aarch64-linux-gnu/7.5.0/liblto_plugin.so -plugin-opt=/mnt/vda3/test_netconf/openil_1028/output/host/opt/ext-toolchain/bin/../libexec/gcc/aarch64-linux-gnu/7.5.0/lto-wrapper -plugin-opt=-fresolution=/tmp/cch2cwpM.res -plugin-opt=-pass-through=-lgcc -plugin-opt=-pass-through=-lgcc_s -plugin-opt=-pass-through=-lc -plugin-opt=-pass-through=-lgcc -plugin-opt=-pass-through=-lgcc_s --sysroot=/mnt/vda3/test_netconf/openil_1028/output/host/aarch64-buildroot-linux-gnu/sysroot --build-id --eh-frame-hdr -dynamic-linker /lib/ld-linux-aarch64.so.1 -X -EL -maarch64linux --fix-cortex-a53-835769 --fix-cortex-a53-843419 -o cmTC_6a852 /mnt/vda3/test_netconf/openil_1028/output/host/aarch64-buildroot-linux-gnu/sysroot/usr/lib/../lib64/crt1.o /mnt/vda3/test_netconf/openil_1028/output/host/aarch64-buildroot-linux-gnu/sysroot/usr/lib/../lib64/crti.o /mnt/vda3/test_netconf/openil_1028/output/host/opt/ext-toolchain/bin/../lib/gcc/aarch64-linux-gnu/7.5.0/crtbegin.o -L/mnt/vda3/test_netconf/openil_1028/output/host/opt/ext-toolchain/bin/../lib/gcc/aarch64-linux-gnu/7.5.0 -L/mnt/vda3/test_netconf/openil_1028/output/host/opt/ext-toolchain/bin/../lib/gcc/aarch64-linux-gnu -L/mnt/vda3/test_netconf/openil_1028/output/host/opt/ext-toolchain/bin/../lib/gcc -L/mnt/vda3/test_netconf/openil_1028/output/host/opt/ext-toolchain/bin/../lib/gcc/aarch64-linux-gnu/7.5.0/../../../../aarch64-linux-gnu/lib/../lib64 -L/mnt/vda3/test_netconf/openil_1028/output/host/aarch64-buildroot-linux-gnu/sysroot/lib/../lib64 -L/mnt/vda3/test_netconf/openil_1028/output/host/aarch64-buildroot-linux-gnu/sysroot/usr/lib/../lib64 -L/mnt/vda3/test_netconf/openil_1028/output/host/opt/ext-toolchain/bin/../lib/gcc/aarch64-linux-gnu/7.5.0/../../../../aarch64-linux-gnu/lib -L/mnt/vda3/test_netconf/openil_1028/output/host/aarch64-buildroot-linux-gnu/sysroot/lib -L/mnt/vda3/test_netconf/openil_1028/output/host/aarch64-buildroot-linux-gnu/sysroot/usr/lib CMakeFiles/cmTC_6a852.dir/CMakeCCompilerABI.c.o -lgcc --as-needed -lgcc_s --no-as-needed -lc -lgcc --as-needed -lgcc_s --no-as-needed /mnt/vda3/test_netconf/openil_1028/output/host/opt/ext-toolchain/bin/../lib/gcc/aarch64-linux-gnu/7.5.0/crtend.o /mnt/vda3/test_netconf/openil_1028/output/host/aarch64-buildroot-linux-gnu/sysroot/usr/lib/../lib64/crtn.o
COLLECT_GCC_OPTIONS='-mabi=lp64' '-mcpu=cortex-a72' '-D' '_LARGEFILE_SOURCE' '-D' '_LARGEFILE64_SOURCE' '-D' '_FILE_OFFSET_BITS=64' '-Os' '-D' 'NDEBUG' '-v' '-o' 'cmTC_6a852' '-mlittle-endian'
make[2]: Leaving directory '/mnt/vda3/test_netconf/openil_1028/output/build/qoriq-sysrepo-tsn-v0.2/CMakeFiles/CMakeTmp'
make[1]: Leaving directory '/mnt/vda3/test_netconf/openil_1028/output/build/qoriq-sysrepo-tsn-v0.2/CMakeFiles/CMakeTmp'


Parsed C implicit link information from above output:
  link line regex: [^( *|.*[/\])(aarch64-linux-gnu-ld|CMAKE_LINK_STARTFILE-NOTFOUND|([^/\]+-)?ld|collect2)[^/\]*( |$)]
  ignore line: [Change Dir: /mnt/vda3/test_netconf/openil_1028/output/build/qoriq-sysrepo-tsn-v0.2/CMakeFiles/CMakeTmp]
  ignore line: []
  ignore line: [Run Build Command:"/usr/bin/make" "cmTC_6a852/fast"]
  ignore line: [make[1]: Entering directory '/mnt/vda3/test_netconf/openil_1028/output/build/qoriq-sysrepo-tsn-v0.2/CMakeFiles/CMakeTmp']
  ignore line: [/usr/bin/make -f CMakeFiles/cmTC_6a852.dir/build.make CMakeFiles/cmTC_6a852.dir/build]
  ignore line: [make[2]: Entering directory '/mnt/vda3/test_netconf/openil_1028/output/build/qoriq-sysrepo-tsn-v0.2/CMakeFiles/CMakeTmp']
  ignore line: [Building C object CMakeFiles/cmTC_6a852.dir/CMakeCCompilerABI.c.o]
  ignore line: [/mnt/vda3/test_netconf/openil_1028/output/host/bin/aarch64-linux-gnu-gcc --sysroot=/mnt/vda3/test_netconf/openil_1028/output/host/aarch64-buildroot-linux-gnu/sysroot   -D_LARGEFILE_SOURCE -D_LARGEFILE64_SOURCE -D_FILE_OFFSET_BITS=64 -Os   -DNDEBUG   -o CMakeFiles/cmTC_6a852.dir/CMakeCCompilerABI.c.o   -c /home/whb/.local/lib/python3.6/site-packages/cmake/data/share/cmake-3.13/Modules/CMakeCCompilerABI.c]
  ignore line: [Linking C executable cmTC_6a852]
  ignore line: [/home/whb/.local/lib/python3.6/site-packages/cmake/data/bin/cmake -E cmake_link_script CMakeFiles/cmTC_6a852.dir/link.txt --verbose=1]
  ignore line: [/mnt/vda3/test_netconf/openil_1028/output/host/bin/aarch64-linux-gnu-gcc --sysroot=/mnt/vda3/test_netconf/openil_1028/output/host/aarch64-buildroot-linux-gnu/sysroot -D_LARGEFILE_SOURCE -D_LARGEFILE64_SOURCE -D_FILE_OFFSET_BITS=64 -Os   -DNDEBUG   -v CMakeFiles/cmTC_6a852.dir/CMakeCCompilerABI.c.o  -o cmTC_6a852 ]
  ignore line: [Using built-in specs.]
  ignore line: [COLLECT_GCC=/mnt/vda3/test_netconf/openil_1028/output/host/opt/ext-toolchain/bin/aarch64-linux-gnu-gcc]
  ignore line: [COLLECT_LTO_WRAPPER=/mnt/vda3/test_netconf/openil_1028/output/host/opt/ext-toolchain/bin/../libexec/gcc/aarch64-linux-gnu/7.5.0/lto-wrapper]
  ignore line: [Target: aarch64-linux-gnu]
  ignore line: [Configured with: '/home/tcwg-buildslave/workspace/tcwg-make-release_0/snapshots/gcc.git~linaro-7.5-2019.12/configure' SHELL=/bin/bash --with-mpc=/home/tcwg-buildslave/workspace/tcwg-make-release_0/_build/builds/destdir/x86_64-unknown-linux-gnu --with-mpfr=/home/tcwg-buildslave/workspace/tcwg-make-release_0/_build/builds/destdir/x86_64-unknown-linux-gnu --with-gmp=/home/tcwg-buildslave/workspace/tcwg-make-release_0/_build/builds/destdir/x86_64-unknown-linux-gnu --with-gnu-as --with-gnu-ld --disable-libmudflap --enable-lto --enable-shared --without-included-gettext --enable-nls --with-system-zlib --disable-sjlj-exceptions --enable-gnu-unique-object --enable-linker-build-id --disable-libstdcxx-pch --enable-c99 --enable-clocale=gnu --enable-libstdcxx-debug --enable-long-long --with-cloog=no --with-ppl=no --with-isl=no --disable-multilib --enable-fix-cortex-a53-835769 --enable-fix-cortex-a53-843419 --with-arch=armv8-a --enable-threads=posix --enable-multiarch --enable-libstdcxx-time=yes --enable-gnu-indirect-function --with-build-sysroot=/home/tcwg-buildslave/workspace/tcwg-make-release_0/_build/sysroots/aarch64-linux-gnu --with-sysroot=/home/tcwg-buildslave/workspace/tcwg-make-release_0/_build/builds/destdir/x86_64-unknown-linux-gnu/aarch64-linux-gnu/libc --enable-checking=release --disable-bootstrap --enable-languages=c,c++,fortran,lto --build=x86_64-unknown-linux-gnu --host=x86_64-unknown-linux-gnu --target=aarch64-linux-gnu --prefix=/home/tcwg-buildslave/workspace/tcwg-make-release_0/_build/builds/destdir/x86_64-unknown-linux-gnu]
  ignore line: [Thread model: posix]
  ignore line: [gcc version 7.5.0 (Linaro GCC 7.5-2019.12) ]
  ignore line: [COMPILER_PATH=/mnt/vda3/test_netconf/openil_1028/output/host/opt/ext-toolchain/bin/../libexec/gcc/aarch64-linux-gnu/7.5.0/:/mnt/vda3/test_netconf/openil_1028/output/host/opt/ext-toolchain/bin/../libexec/gcc/aarch64-linux-gnu/:/mnt/vda3/test_netconf/openil_1028/output/host/opt/ext-toolchain/bin/../libexec/gcc/:/mnt/vda3/test_netconf/openil_1028/output/host/opt/ext-toolchain/bin/../lib/gcc/aarch64-linux-gnu/7.5.0/../../../../aarch64-linux-gnu/bin/]
  ignore line: [LIBRARY_PATH=/mnt/vda3/test_netconf/openil_1028/output/host/opt/ext-toolchain/bin/../lib/gcc/aarch64-linux-gnu/7.5.0/:/mnt/vda3/test_netconf/openil_1028/output/host/opt/ext-toolchain/bin/../lib/gcc/aarch64-linux-gnu/:/mnt/vda3/test_netconf/openil_1028/output/host/opt/ext-toolchain/bin/../lib/gcc/:/mnt/vda3/test_netconf/openil_1028/output/host/opt/ext-toolchain/bin/../lib/gcc/aarch64-linux-gnu/7.5.0/../../../../aarch64-linux-gnu/lib/../lib64/:/mnt/vda3/test_netconf/openil_1028/output/host/aarch64-buildroot-linux-gnu/sysroot/lib/../lib64/:/mnt/vda3/test_netconf/openil_1028/output/host/aarch64-buildroot-linux-gnu/sysroot/usr/lib/../lib64/:/mnt/vda3/test_netconf/openil_1028/output/host/opt/ext-toolchain/bin/../lib/gcc/aarch64-linux-gnu/7.5.0/../../../../aarch64-linux-gnu/lib/:/mnt/vda3/test_netconf/openil_1028/output/host/aarch64-buildroot-linux-gnu/sysroot/lib/:/mnt/vda3/test_netconf/openil_1028/output/host/aarch64-buildroot-linux-gnu/sysroot/usr/lib/]
  ignore line: [COLLECT_GCC_OPTIONS='-mabi=lp64' '-mcpu=cortex-a72' '-D' '_LARGEFILE_SOURCE' '-D' '_LARGEFILE64_SOURCE' '-D' '_FILE_OFFSET_BITS=64' '-Os' '-D' 'NDEBUG' '-v' '-o' 'cmTC_6a852' '-mlittle-endian']
  link line: [ /mnt/vda3/test_netconf/openil_1028/output/host/opt/ext-toolchain/bin/../libexec/gcc/aarch64-linux-gnu/7.5.0/collect2 -plugin /mnt/vda3/test_netconf/openil_1028/output/host/opt/ext-toolchain/bin/../libexec/gcc/aarch64-linux-gnu/7.5.0/liblto_plugin.so -plugin-opt=/mnt/vda3/test_netconf/openil_1028/output/host/opt/ext-toolchain/bin/../libexec/gcc/aarch64-linux-gnu/7.5.0/lto-wrapper -plugin-opt=-fresolution=/tmp/cch2cwpM.res -plugin-opt=-pass-through=-lgcc -plugin-opt=-pass-through=-lgcc_s -plugin-opt=-pass-through=-lc -plugin-opt=-pass-through=-lgcc -plugin-opt=-pass-through=-lgcc_s --sysroot=/mnt/vda3/test_netconf/openil_1028/output/host/aarch64-buildroot-linux-gnu/sysroot --build-id --eh-frame-hdr -dynamic-linker /lib/ld-linux-aarch64.so.1 -X -EL -maarch64linux --fix-cortex-a53-835769 --fix-cortex-a53-843419 -o cmTC_6a852 /mnt/vda3/test_netconf/openil_1028/output/host/aarch64-buildroot-linux-gnu/sysroot/usr/lib/../lib64/crt1.o /mnt/vda3/test_netconf/openil_1028/output/host/aarch64-buildroot-linux-gnu/sysroot/usr/lib/../lib64/crti.o /mnt/vda3/test_netconf/openil_1028/output/host/opt/ext-toolchain/bin/../lib/gcc/aarch64-linux-gnu/7.5.0/crtbegin.o -L/mnt/vda3/test_netconf/openil_1028/output/host/opt/ext-toolchain/bin/../lib/gcc/aarch64-linux-gnu/7.5.0 -L/mnt/vda3/test_netconf/openil_1028/output/host/opt/ext-toolchain/bin/../lib/gcc/aarch64-linux-gnu -L/mnt/vda3/test_netconf/openil_1028/output/host/opt/ext-toolchain/bin/../lib/gcc -L/mnt/vda3/test_netconf/openil_1028/output/host/opt/ext-toolchain/bin/../lib/gcc/aarch64-linux-gnu/7.5.0/../../../../aarch64-linux-gnu/lib/../lib64 -L/mnt/vda3/test_netconf/openil_1028/output/host/aarch64-buildroot-linux-gnu/sysroot/lib/../lib64 -L/mnt/vda3/test_netconf/openil_1028/output/host/aarch64-buildroot-linux-gnu/sysroot/usr/lib/../lib64 -L/mnt/vda3/test_netconf/openil_1028/output/host/opt/ext-toolchain/bin/../lib/gcc/aarch64-linux-gnu/7.5.0/../../../../aarch64-linux-gnu/lib -L/mnt/vda3/test_netconf/openil_1028/output/host/aarch64-buildroot-linux-gnu/sysroot/lib -L/mnt/vda3/test_netconf/openil_1028/output/host/aarch64-buildroot-linux-gnu/sysroot/usr/lib CMakeFiles/cmTC_6a852.dir/CMakeCCompilerABI.c.o -lgcc --as-needed -lgcc_s --no-as-needed -lc -lgcc --as-needed -lgcc_s --no-as-needed /mnt/vda3/test_netconf/openil_1028/output/host/opt/ext-toolchain/bin/../lib/gcc/aarch64-linux-gnu/7.5.0/crtend.o /mnt/vda3/test_netconf/openil_1028/output/host/aarch64-buildroot-linux-gnu/sysroot/usr/lib/../lib64/crtn.o]
    arg [/mnt/vda3/test_netconf/openil_1028/output/host/opt/ext-toolchain/bin/../libexec/gcc/aarch64-linux-gnu/7.5.0/collect2] ==> ignore
    arg [-plugin] ==> ignore
    arg [/mnt/vda3/test_netconf/openil_1028/output/host/opt/ext-toolchain/bin/../libexec/gcc/aarch64-linux-gnu/7.5.0/liblto_plugin.so] ==> ignore
    arg [-plugin-opt=/mnt/vda3/test_netconf/openil_1028/output/host/opt/ext-toolchain/bin/../libexec/gcc/aarch64-linux-gnu/7.5.0/lto-wrapper] ==> ignore
    arg [-plugin-opt=-fresolution=/tmp/cch2cwpM.res] ==> ignore
    arg [-plugin-opt=-pass-through=-lgcc] ==> ignore
    arg [-plugin-opt=-pass-through=-lgcc_s] ==> ignore
    arg [-plugin-opt=-pass-through=-lc] ==> ignore
    arg [-plugin-opt=-pass-through=-lgcc] ==> ignore
    arg [-plugin-opt=-pass-through=-lgcc_s] ==> ignore
    arg [--sysroot=/mnt/vda3/test_netconf/openil_1028/output/host/aarch64-buildroot-linux-gnu/sysroot] ==> ignore
    arg [--build-id] ==> ignore
    arg [--eh-frame-hdr] ==> ignore
    arg [-dynamic-linker] ==> ignore
    arg [/lib/ld-linux-aarch64.so.1] ==> ignore
    arg [-X] ==> ignore
    arg [-EL] ==> ignore
    arg [-maarch64linux] ==> ignore
    arg [--fix-cortex-a53-835769] ==> ignore
    arg [--fix-cortex-a53-843419] ==> ignore
    arg [-o] ==> ignore
    arg [cmTC_6a852] ==> ignore
    arg [/mnt/vda3/test_netconf/openil_1028/output/host/aarch64-buildroot-linux-gnu/sysroot/usr/lib/../lib64/crt1.o] ==> ignore
    arg [/mnt/vda3/test_netconf/openil_1028/output/host/aarch64-buildroot-linux-gnu/sysroot/usr/lib/../lib64/crti.o] ==> ignore
    arg [/mnt/vda3/test_netconf/openil_1028/output/host/opt/ext-toolchain/bin/../lib/gcc/aarch64-linux-gnu/7.5.0/crtbegin.o] ==> ignore
    arg [-L/mnt/vda3/test_netconf/openil_1028/output/host/opt/ext-toolchain/bin/../lib/gcc/aarch64-linux-gnu/7.5.0] ==> dir [/mnt/vda3/test_netconf/openil_1028/output/host/opt/ext-toolchain/bin/../lib/gcc/aarch64-linux-gnu/7.5.0]
    arg [-L/mnt/vda3/test_netconf/openil_1028/output/host/opt/ext-toolchain/bin/../lib/gcc/aarch64-linux-gnu] ==> dir [/mnt/vda3/test_netconf/openil_1028/output/host/opt/ext-toolchain/bin/../lib/gcc/aarch64-linux-gnu]
    arg [-L/mnt/vda3/test_netconf/openil_1028/output/host/opt/ext-toolchain/bin/../lib/gcc] ==> dir [/mnt/vda3/test_netconf/openil_1028/output/host/opt/ext-toolchain/bin/../lib/gcc]
    arg [-L/mnt/vda3/test_netconf/openil_1028/output/host/opt/ext-toolchain/bin/../lib/gcc/aarch64-linux-gnu/7.5.0/../../../../aarch64-linux-gnu/lib/../lib64] ==> dir [/mnt/vda3/test_netconf/openil_1028/output/host/opt/ext-toolchain/bin/../lib/gcc/aarch64-linux-gnu/7.5.0/../../../../aarch64-linux-gnu/lib/../lib64]
    arg [-L/mnt/vda3/test_netconf/openil_1028/output/host/aarch64-buildroot-linux-gnu/sysroot/lib/../lib64] ==> dir [/mnt/vda3/test_netconf/openil_1028/output/host/aarch64-buildroot-linux-gnu/sysroot/lib/../lib64]
    arg [-L/mnt/vda3/test_netconf/openil_1028/output/host/aarch64-buildroot-linux-gnu/sysroot/usr/lib/../lib64] ==> dir [/mnt/vda3/test_netconf/openil_1028/output/host/aarch64-buildroot-linux-gnu/sysroot/usr/lib/../lib64]
    arg [-L/mnt/vda3/test_netconf/openil_1028/output/host/opt/ext-toolchain/bin/../lib/gcc/aarch64-linux-gnu/7.5.0/../../../../aarch64-linux-gnu/lib] ==> dir [/mnt/vda3/test_netconf/openil_1028/output/host/opt/ext-toolchain/bin/../lib/gcc/aarch64-linux-gnu/7.5.0/../../../../aarch64-linux-gnu/lib]
    arg [-L/mnt/vda3/test_netconf/openil_1028/output/host/aarch64-buildroot-linux-gnu/sysroot/lib] ==> dir [/mnt/vda3/test_netconf/openil_1028/output/host/aarch64-buildroot-linux-gnu/sysroot/lib]
    arg [-L/mnt/vda3/test_netconf/openil_1028/output/host/aarch64-buildroot-linux-gnu/sysroot/usr/lib] ==> dir [/mnt/vda3/test_netconf/openil_1028/output/host/aarch64-buildroot-linux-gnu/sysroot/usr/lib]
    arg [CMakeFiles/cmTC_6a852.dir/CMakeCCompilerABI.c.o] ==> ignore
    arg [-lgcc] ==> lib [gcc]
    arg [--as-needed] ==> ignore
    arg [-lgcc_s] ==> lib [gcc_s]
    arg [--no-as-needed] ==> ignore
    arg [-lc] ==> lib [c]
    arg [-lgcc] ==> lib [gcc]
    arg [--as-needed] ==> ignore
    arg [-lgcc_s] ==> lib [gcc_s]
    arg [--no-as-needed] ==> ignore
    arg [/mnt/vda3/test_netconf/openil_1028/output/host/opt/ext-toolchain/bin/../lib/gcc/aarch64-linux-gnu/7.5.0/crtend.o] ==> ignore
    arg [/mnt/vda3/test_netconf/openil_1028/output/host/aarch64-buildroot-linux-gnu/sysroot/usr/lib/../lib64/crtn.o] ==> ignore
  collapse library dir [/mnt/vda3/test_netconf/openil_1028/output/host/opt/ext-toolchain/bin/../lib/gcc/aarch64-linux-gnu/7.5.0] ==> [/mnt/vda3/test_netconf/openil_1028/output/host/opt/ext-toolchain/lib/gcc/aarch64-linux-gnu/7.5.0]
  collapse library dir [/mnt/vda3/test_netconf/openil_1028/output/host/opt/ext-toolchain/bin/../lib/gcc/aarch64-linux-gnu] ==> [/mnt/vda3/test_netconf/openil_1028/output/host/opt/ext-toolchain/lib/gcc/aarch64-linux-gnu]
  collapse library dir [/mnt/vda3/test_netconf/openil_1028/output/host/opt/ext-toolchain/bin/../lib/gcc] ==> [/mnt/vda3/test_netconf/openil_1028/output/host/opt/ext-toolchain/lib/gcc]
  collapse library dir [/mnt/vda3/test_netconf/openil_1028/output/host/opt/ext-toolchain/bin/../lib/gcc/aarch64-linux-gnu/7.5.0/../../../../aarch64-linux-gnu/lib/../lib64] ==> [/mnt/vda3/test_netconf/openil_1028/output/host/opt/ext-toolchain/aarch64-linux-gnu/lib64]
  collapse library dir [/mnt/vda3/test_netconf/openil_1028/output/host/aarch64-buildroot-linux-gnu/sysroot/lib/../lib64] ==> [/mnt/vda3/test_netconf/openil_1028/output/host/aarch64-buildroot-linux-gnu/sysroot/lib64]
  collapse library dir [/mnt/vda3/test_netconf/openil_1028/output/host/aarch64-buildroot-linux-gnu/sysroot/usr/lib/../lib64] ==> [/mnt/vda3/test_netconf/openil_1028/output/host/aarch64-buildroot-linux-gnu/sysroot/usr/lib64]
  collapse library dir [/mnt/vda3/test_netconf/openil_1028/output/host/opt/ext-toolchain/bin/../lib/gcc/aarch64-linux-gnu/7.5.0/../../../../aarch64-linux-gnu/lib] ==> [/mnt/vda3/test_netconf/openil_1028/output/host/opt/ext-toolchain/aarch64-linux-gnu/lib]
  collapse library dir [/mnt/vda3/test_netconf/openil_1028/output/host/aarch64-buildroot-linux-gnu/sysroot/lib] ==> [/mnt/vda3/test_netconf/openil_1028/output/host/aarch64-buildroot-linux-gnu/sysroot/lib]
  collapse library dir [/mnt/vda3/test_netconf/openil_1028/output/host/aarch64-buildroot-linux-gnu/sysroot/usr/lib] ==> [/mnt/vda3/test_netconf/openil_1028/output/host/aarch64-buildroot-linux-gnu/sysroot/usr/lib]
  implicit libs: [gcc;gcc_s;c;gcc;gcc_s]
  implicit dirs: [/mnt/vda3/test_netconf/openil_1028/output/host/opt/ext-toolchain/lib/gcc/aarch64-linux-gnu/7.5.0;/mnt/vda3/test_netconf/openil_1028/output/host/opt/ext-toolchain/lib/gcc/aarch64-linux-gnu;/mnt/vda3/test_netconf/openil_1028/output/host/opt/ext-toolchain/lib/gcc;/mnt/vda3/test_netconf/openil_1028/output/host/opt/ext-toolchain/aarch64-linux-gnu/lib64;/mnt/vda3/test_netconf/openil_1028/output/host/aarch64-buildroot-linux-gnu/sysroot/lib64;/mnt/vda3/test_netconf/openil_1028/output/host/aarch64-buildroot-linux-gnu/sysroot/usr/lib64;/mnt/vda3/test_netconf/openil_1028/output/host/opt/ext-toolchain/aarch64-linux-gnu/lib;/mnt/vda3/test_netconf/openil_1028/output/host/aarch64-buildroot-linux-gnu/sysroot/lib;/mnt/vda3/test_netconf/openil_1028/output/host/aarch64-buildroot-linux-gnu/sysroot/usr/lib]
  implicit fwks: []




Detecting C [-std=c11] compiler features compiled with the following output:
Change Dir: /mnt/vda3/test_netconf/openil_1028/output/build/qoriq-sysrepo-tsn-v0.2/CMakeFiles/CMakeTmp

Run Build Command:"/usr/bin/make" "cmTC_b8f24/fast"
make[1]: Entering directory '/mnt/vda3/test_netconf/openil_1028/output/build/qoriq-sysrepo-tsn-v0.2/CMakeFiles/CMakeTmp'
/usr/bin/make -f CMakeFiles/cmTC_b8f24.dir/build.make CMakeFiles/cmTC_b8f24.dir/build
make[2]: Entering directory '/mnt/vda3/test_netconf/openil_1028/output/build/qoriq-sysrepo-tsn-v0.2/CMakeFiles/CMakeTmp'
Building C object CMakeFiles/cmTC_b8f24.dir/feature_tests.c.o
/mnt/vda3/test_netconf/openil_1028/output/host/bin/aarch64-linux-gnu-gcc --sysroot=/mnt/vda3/test_netconf/openil_1028/output/host/aarch64-buildroot-linux-gnu/sysroot   -D_LARGEFILE_SOURCE -D_LARGEFILE64_SOURCE -D_FILE_OFFSET_BITS=64 -Os   -DNDEBUG   -std=c11 -o CMakeFiles/cmTC_b8f24.dir/feature_tests.c.o   -c /mnt/vda3/test_netconf/openil_1028/output/build/qoriq-sysrepo-tsn-v0.2/CMakeFiles/feature_tests.c
Linking C executable cmTC_b8f24
/home/whb/.local/lib/python3.6/site-packages/cmake/data/bin/cmake -E cmake_link_script CMakeFiles/cmTC_b8f24.dir/link.txt --verbose=1
/mnt/vda3/test_netconf/openil_1028/output/host/bin/aarch64-linux-gnu-gcc --sysroot=/mnt/vda3/test_netconf/openil_1028/output/host/aarch64-buildroot-linux-gnu/sysroot -D_LARGEFILE_SOURCE -D_LARGEFILE64_SOURCE -D_FILE_OFFSET_BITS=64 -Os   -DNDEBUG    CMakeFiles/cmTC_b8f24.dir/feature_tests.c.o  -o cmTC_b8f24 
make[2]: Leaving directory '/mnt/vda3/test_netconf/openil_1028/output/build/qoriq-sysrepo-tsn-v0.2/CMakeFiles/CMakeTmp'
make[1]: Leaving directory '/mnt/vda3/test_netconf/openil_1028/output/build/qoriq-sysrepo-tsn-v0.2/CMakeFiles/CMakeTmp'


    Feature record: C_FEATURE:1c_function_prototypes
    Feature record: C_FEATURE:1c_restrict
    Feature record: C_FEATURE:1c_static_assert
    Feature record: C_FEATURE:1c_variadic_macros


Detecting C [-std=c99] compiler features compiled with the following output:
Change Dir: /mnt/vda3/test_netconf/openil_1028/output/build/qoriq-sysrepo-tsn-v0.2/CMakeFiles/CMakeTmp

Run Build Command:"/usr/bin/make" "cmTC_ab352/fast"
make[1]: Entering directory '/mnt/vda3/test_netconf/openil_1028/output/build/qoriq-sysrepo-tsn-v0.2/CMakeFiles/CMakeTmp'
/usr/bin/make -f CMakeFiles/cmTC_ab352.dir/build.make CMakeFiles/cmTC_ab352.dir/build
make[2]: Entering directory '/mnt/vda3/test_netconf/openil_1028/output/build/qoriq-sysrepo-tsn-v0.2/CMakeFiles/CMakeTmp'
Building C object CMakeFiles/cmTC_ab352.dir/feature_tests.c.o
/mnt/vda3/test_netconf/openil_1028/output/host/bin/aarch64-linux-gnu-gcc --sysroot=/mnt/vda3/test_netconf/openil_1028/output/host/aarch64-buildroot-linux-gnu/sysroot   -D_LARGEFILE_SOURCE -D_LARGEFILE64_SOURCE -D_FILE_OFFSET_BITS=64 -Os   -DNDEBUG   -std=c99 -o CMakeFiles/cmTC_ab352.dir/feature_tests.c.o   -c /mnt/vda3/test_netconf/openil_1028/output/build/qoriq-sysrepo-tsn-v0.2/CMakeFiles/feature_tests.c
Linking C executable cmTC_ab352
/home/whb/.local/lib/python3.6/site-packages/cmake/data/bin/cmake -E cmake_link_script CMakeFiles/cmTC_ab352.dir/link.txt --verbose=1
/mnt/vda3/test_netconf/openil_1028/output/host/bin/aarch64-linux-gnu-gcc --sysroot=/mnt/vda3/test_netconf/openil_1028/output/host/aarch64-buildroot-linux-gnu/sysroot -D_LARGEFILE_SOURCE -D_LARGEFILE64_SOURCE -D_FILE_OFFSET_BITS=64 -Os   -DNDEBUG    CMakeFiles/cmTC_ab352.dir/feature_tests.c.o  -o cmTC_ab352 
make[2]: Leaving directory '/mnt/vda3/test_netconf/openil_1028/output/build/qoriq-sysrepo-tsn-v0.2/CMakeFiles/CMakeTmp'
make[1]: Leaving directory '/mnt/vda3/test_netconf/openil_1028/output/build/qoriq-sysrepo-tsn-v0.2/CMakeFiles/CMakeTmp'


    Feature record: C_FEATURE:1c_function_prototypes
    Feature record: C_FEATURE:1c_restrict
    Feature record: C_FEATURE:0c_static_assert
    Feature record: C_FEATURE:1c_variadic_macros


Detecting C [-std=c90] compiler features compiled with the following output:
Change Dir: /mnt/vda3/test_netconf/openil_1028/output/build/qoriq-sysrepo-tsn-v0.2/CMakeFiles/CMakeTmp

Run Build Command:"/usr/bin/make" "cmTC_0d073/fast"
make[1]: Entering directory '/mnt/vda3/test_netconf/openil_1028/output/build/qoriq-sysrepo-tsn-v0.2/CMakeFiles/CMakeTmp'
/usr/bin/make -f CMakeFiles/cmTC_0d073.dir/build.make CMakeFiles/cmTC_0d073.dir/build
make[2]: Entering directory '/mnt/vda3/test_netconf/openil_1028/output/build/qoriq-sysrepo-tsn-v0.2/CMakeFiles/CMakeTmp'
Building C object CMakeFiles/cmTC_0d073.dir/feature_tests.c.o
/mnt/vda3/test_netconf/openil_1028/output/host/bin/aarch64-linux-gnu-gcc --sysroot=/mnt/vda3/test_netconf/openil_1028/output/host/aarch64-buildroot-linux-gnu/sysroot   -D_LARGEFILE_SOURCE -D_LARGEFILE64_SOURCE -D_FILE_OFFSET_BITS=64 -Os   -DNDEBUG   -std=c90 -o CMakeFiles/cmTC_0d073.dir/feature_tests.c.o   -c /mnt/vda3/test_netconf/openil_1028/output/build/qoriq-sysrepo-tsn-v0.2/CMakeFiles/feature_tests.c
Linking C executable cmTC_0d073
/home/whb/.local/lib/python3.6/site-packages/cmake/data/bin/cmake -E cmake_link_script CMakeFiles/cmTC_0d073.dir/link.txt --verbose=1
/mnt/vda3/test_netconf/openil_1028/output/host/bin/aarch64-linux-gnu-gcc --sysroot=/mnt/vda3/test_netconf/openil_1028/output/host/aarch64-buildroot-linux-gnu/sysroot -D_LARGEFILE_SOURCE -D_LARGEFILE64_SOURCE -D_FILE_OFFSET_BITS=64 -Os   -DNDEBUG    CMakeFiles/cmTC_0d073.dir/feature_tests.c.o  -o cmTC_0d073 
make[2]: Leaving directory '/mnt/vda3/test_netconf/openil_1028/output/build/qoriq-sysrepo-tsn-v0.2/CMakeFiles/CMakeTmp'
make[1]: Leaving directory '/mnt/vda3/test_netconf/openil_1028/output/build/qoriq-sysrepo-tsn-v0.2/CMakeFiles/CMakeTmp'


    Feature record: C_FEATURE:1c_function_prototypes
    Feature record: C_FEATURE:0c_restrict
    Feature record: C_FEATURE:0c_static_assert
    Feature record: C_FEATURE:0c_variadic_macros
Determining if the CXX compiler works passed with the following output:
Change Dir: /mnt/vda3/test_netconf/openil_1028/output/build/qoriq-sysrepo-tsn-v0.2/CMakeFiles/CMakeTmp

Run Build Command:"/usr/bin/make" "cmTC_a6b17/fast"
make[1]: Entering directory '/mnt/vda3/test_netconf/openil_1028/output/build/qoriq-sysrepo-tsn-v0.2/CMakeFiles/CMakeTmp'
/usr/bin/make -f CMakeFiles/cmTC_a6b17.dir/build.make CMakeFiles/cmTC_a6b17.dir/build
make[2]: Entering directory '/mnt/vda3/test_netconf/openil_1028/output/build/qoriq-sysrepo-tsn-v0.2/CMakeFiles/CMakeTmp'
Building CXX object CMakeFiles/cmTC_a6b17.dir/testCXXCompiler.cxx.o
/mnt/vda3/test_netconf/openil_1028/output/host/bin/aarch64-linux-gnu-g++ --sysroot=/mnt/vda3/test_netconf/openil_1028/output/host/aarch64-buildroot-linux-gnu/sysroot    -D_LARGEFILE_SOURCE -D_LARGEFILE64_SOURCE -D_FILE_OFFSET_BITS=64 -Os   -DNDEBUG   -o CMakeFiles/cmTC_a6b17.dir/testCXXCompiler.cxx.o -c /mnt/vda3/test_netconf/openil_1028/output/build/qoriq-sysrepo-tsn-v0.2/CMakeFiles/CMakeTmp/testCXXCompiler.cxx
Linking CXX executable cmTC_a6b17
/home/whb/.local/lib/python3.6/site-packages/cmake/data/bin/cmake -E cmake_link_script CMakeFiles/cmTC_a6b17.dir/link.txt --verbose=1
/mnt/vda3/test_netconf/openil_1028/output/host/bin/aarch64-linux-gnu-g++ --sysroot=/mnt/vda3/test_netconf/openil_1028/output/host/aarch64-buildroot-linux-gnu/sysroot  -D_LARGEFILE_SOURCE -D_LARGEFILE64_SOURCE -D_FILE_OFFSET_BITS=64 -Os   -DNDEBUG    CMakeFiles/cmTC_a6b17.dir/testCXXCompiler.cxx.o  -o cmTC_a6b17 
make[2]: Leaving directory '/mnt/vda3/test_netconf/openil_1028/output/build/qoriq-sysrepo-tsn-v0.2/CMakeFiles/CMakeTmp'
make[1]: Leaving directory '/mnt/vda3/test_netconf/openil_1028/output/build/qoriq-sysrepo-tsn-v0.2/CMakeFiles/CMakeTmp'


Detecting CXX compiler ABI info compiled with the following output:
Change Dir: /mnt/vda3/test_netconf/openil_1028/output/build/qoriq-sysrepo-tsn-v0.2/CMakeFiles/CMakeTmp

Run Build Command:"/usr/bin/make" "cmTC_51f01/fast"
make[1]: Entering directory '/mnt/vda3/test_netconf/openil_1028/output/build/qoriq-sysrepo-tsn-v0.2/CMakeFiles/CMakeTmp'
/usr/bin/make -f CMakeFiles/cmTC_51f01.dir/build.make CMakeFiles/cmTC_51f01.dir/build
make[2]: Entering directory '/mnt/vda3/test_netconf/openil_1028/output/build/qoriq-sysrepo-tsn-v0.2/CMakeFiles/CMakeTmp'
Building CXX object CMakeFiles/cmTC_51f01.dir/CMakeCXXCompilerABI.cpp.o
/mnt/vda3/test_netconf/openil_1028/output/host/bin/aarch64-linux-gnu-g++ --sysroot=/mnt/vda3/test_netconf/openil_1028/output/host/aarch64-buildroot-linux-gnu/sysroot    -D_LARGEFILE_SOURCE -D_LARGEFILE64_SOURCE -D_FILE_OFFSET_BITS=64 -Os   -DNDEBUG   -o CMakeFiles/cmTC_51f01.dir/CMakeCXXCompilerABI.cpp.o -c /home/whb/.local/lib/python3.6/site-packages/cmake/data/share/cmake-3.13/Modules/CMakeCXXCompilerABI.cpp
Linking CXX executable cmTC_51f01
/home/whb/.local/lib/python3.6/site-packages/cmake/data/bin/cmake -E cmake_link_script CMakeFiles/cmTC_51f01.dir/link.txt --verbose=1
/mnt/vda3/test_netconf/openil_1028/output/host/bin/aarch64-linux-gnu-g++ --sysroot=/mnt/vda3/test_netconf/openil_1028/output/host/aarch64-buildroot-linux-gnu/sysroot  -D_LARGEFILE_SOURCE -D_LARGEFILE64_SOURCE -D_FILE_OFFSET_BITS=64 -Os   -DNDEBUG   -v CMakeFiles/cmTC_51f01.dir/CMakeCXXCompilerABI.cpp.o  -o cmTC_51f01 
Using built-in specs.
COLLECT_GCC=/mnt/vda3/test_netconf/openil_1028/output/host/opt/ext-toolchain/bin/aarch64-linux-gnu-g++
COLLECT_LTO_WRAPPER=/mnt/vda3/test_netconf/openil_1028/output/host/opt/ext-toolchain/bin/../libexec/gcc/aarch64-linux-gnu/7.5.0/lto-wrapper
Target: aarch64-linux-gnu
Configured with: '/home/tcwg-buildslave/workspace/tcwg-make-release_0/snapshots/gcc.git~linaro-7.5-2019.12/configure' SHELL=/bin/bash --with-mpc=/home/tcwg-buildslave/workspace/tcwg-make-release_0/_build/builds/destdir/x86_64-unknown-linux-gnu --with-mpfr=/home/tcwg-buildslave/workspace/tcwg-make-release_0/_build/builds/destdir/x86_64-unknown-linux-gnu --with-gmp=/home/tcwg-buildslave/workspace/tcwg-make-release_0/_build/builds/destdir/x86_64-unknown-linux-gnu --with-gnu-as --with-gnu-ld --disable-libmudflap --enable-lto --enable-shared --without-included-gettext --enable-nls --with-system-zlib --disable-sjlj-exceptions --enable-gnu-unique-object --enable-linker-build-id --disable-libstdcxx-pch --enable-c99 --enable-clocale=gnu --enable-libstdcxx-debug --enable-long-long --with-cloog=no --with-ppl=no --with-isl=no --disable-multilib --enable-fix-cortex-a53-835769 --enable-fix-cortex-a53-843419 --with-arch=armv8-a --enable-threads=posix --enable-multiarch --enable-libstdcxx-time=yes --enable-gnu-indirect-function --with-build-sysroot=/home/tcwg-buildslave/workspace/tcwg-make-release_0/_build/sysroots/aarch64-linux-gnu --with-sysroot=/home/tcwg-buildslave/workspace/tcwg-make-release_0/_build/builds/destdir/x86_64-unknown-linux-gnu/aarch64-linux-gnu/libc --enable-checking=release --disable-bootstrap --enable-languages=c,c++,fortran,lto --build=x86_64-unknown-linux-gnu --host=x86_64-unknown-linux-gnu --target=aarch64-linux-gnu --prefix=/home/tcwg-buildslave/workspace/tcwg-make-release_0/_build/builds/destdir/x86_64-unknown-linux-gnu
Thread model: posix
gcc version 7.5.0 (Linaro GCC 7.5-2019.12) 
COMPILER_PATH=/mnt/vda3/test_netconf/openil_1028/output/host/opt/ext-toolchain/bin/../libexec/gcc/aarch64-linux-gnu/7.5.0/:/mnt/vda3/test_netconf/openil_1028/output/host/opt/ext-toolchain/bin/../libexec/gcc/aarch64-linux-gnu/:/mnt/vda3/test_netconf/openil_1028/output/host/opt/ext-toolchain/bin/../libexec/gcc/:/mnt/vda3/test_netconf/openil_1028/output/host/opt/ext-toolchain/bin/../lib/gcc/aarch64-linux-gnu/7.5.0/../../../../aarch64-linux-gnu/bin/
LIBRARY_PATH=/mnt/vda3/test_netconf/openil_1028/output/host/opt/ext-toolchain/bin/../lib/gcc/aarch64-linux-gnu/7.5.0/:/mnt/vda3/test_netconf/openil_1028/output/host/opt/ext-toolchain/bin/../lib/gcc/aarch64-linux-gnu/:/mnt/vda3/test_netconf/openil_1028/output/host/opt/ext-toolchain/bin/../lib/gcc/:/mnt/vda3/test_netconf/openil_1028/output/host/opt/ext-toolchain/bin/../lib/gcc/aarch64-linux-gnu/7.5.0/../../../../aarch64-linux-gnu/lib/../lib64/:/mnt/vda3/test_netconf/openil_1028/output/host/aarch64-buildroot-linux-gnu/sysroot/lib/../lib64/:/mnt/vda3/test_netconf/openil_1028/output/host/aarch64-buildroot-linux-gnu/sysroot/usr/lib/../lib64/:/mnt/vda3/test_netconf/openil_1028/output/host/opt/ext-toolchain/bin/../lib/gcc/aarch64-linux-gnu/7.5.0/../../../../aarch64-linux-gnu/lib/:/mnt/vda3/test_netconf/openil_1028/output/host/aarch64-buildroot-linux-gnu/sysroot/lib/:/mnt/vda3/test_netconf/openil_1028/output/host/aarch64-buildroot-linux-gnu/sysroot/usr/lib/
COLLECT_GCC_OPTIONS='-mabi=lp64' '-mcpu=cortex-a72' '-D' '_LARGEFILE_SOURCE' '-D' '_LARGEFILE64_SOURCE' '-D' '_FILE_OFFSET_BITS=64' '-Os' '-D' 'NDEBUG' '-v' '-o' 'cmTC_51f01' '-shared-libgcc' '-mlittle-endian'
 /mnt/vda3/test_netconf/openil_1028/output/host/opt/ext-toolchain/bin/../libexec/gcc/aarch64-linux-gnu/7.5.0/collect2 -plugin /mnt/vda3/test_netconf/openil_1028/output/host/opt/ext-toolchain/bin/../libexec/gcc/aarch64-linux-gnu/7.5.0/liblto_plugin.so -plugin-opt=/mnt/vda3/test_netconf/openil_1028/output/host/opt/ext-toolchain/bin/../libexec/gcc/aarch64-linux-gnu/7.5.0/lto-wrapper -plugin-opt=-fresolution=/tmp/cc2hpzCl.res -plugin-opt=-pass-through=-lgcc_s -plugin-opt=-pass-through=-lgcc -plugin-opt=-pass-through=-lc -plugin-opt=-pass-through=-lgcc_s -plugin-opt=-pass-through=-lgcc --sysroot=/mnt/vda3/test_netconf/openil_1028/output/host/aarch64-buildroot-linux-gnu/sysroot --build-id --eh-frame-hdr -dynamic-linker /lib/ld-linux-aarch64.so.1 -X -EL -maarch64linux --fix-cortex-a53-835769 --fix-cortex-a53-843419 -o cmTC_51f01 /mnt/vda3/test_netconf/openil_1028/output/host/aarch64-buildroot-linux-gnu/sysroot/usr/lib/../lib64/crt1.o /mnt/vda3/test_netconf/openil_1028/output/host/aarch64-buildroot-linux-gnu/sysroot/usr/lib/../lib64/crti.o /mnt/vda3/test_netconf/openil_1028/output/host/opt/ext-toolchain/bin/../lib/gcc/aarch64-linux-gnu/7.5.0/crtbegin.o -L/mnt/vda3/test_netconf/openil_1028/output/host/opt/ext-toolchain/bin/../lib/gcc/aarch64-linux-gnu/7.5.0 -L/mnt/vda3/test_netconf/openil_1028/output/host/opt/ext-toolchain/bin/../lib/gcc/aarch64-linux-gnu -L/mnt/vda3/test_netconf/openil_1028/output/host/opt/ext-toolchain/bin/../lib/gcc -L/mnt/vda3/test_netconf/openil_1028/output/host/opt/ext-toolchain/bin/../lib/gcc/aarch64-linux-gnu/7.5.0/../../../../aarch64-linux-gnu/lib/../lib64 -L/mnt/vda3/test_netconf/openil_1028/output/host/aarch64-buildroot-linux-gnu/sysroot/lib/../lib64 -L/mnt/vda3/test_netconf/openil_1028/output/host/aarch64-buildroot-linux-gnu/sysroot/usr/lib/../lib64 -L/mnt/vda3/test_netconf/openil_1028/output/host/opt/ext-toolchain/bin/../lib/gcc/aarch64-linux-gnu/7.5.0/../../../../aarch64-linux-gnu/lib -L/mnt/vda3/test_netconf/openil_1028/output/host/aarch64-buildroot-linux-gnu/sysroot/lib -L/mnt/vda3/test_netconf/openil_1028/output/host/aarch64-buildroot-linux-gnu/sysroot/usr/lib CMakeFiles/cmTC_51f01.dir/CMakeCXXCompilerABI.cpp.o -lstdc++ -lm -lgcc_s -lgcc -lc -lgcc_s -lgcc /mnt/vda3/test_netconf/openil_1028/output/host/opt/ext-toolchain/bin/../lib/gcc/aarch64-linux-gnu/7.5.0/crtend.o /mnt/vda3/test_netconf/openil_1028/output/host/aarch64-buildroot-linux-gnu/sysroot/usr/lib/../lib64/crtn.o
COLLECT_GCC_OPTIONS='-mabi=lp64' '-mcpu=cortex-a72' '-D' '_LARGEFILE_SOURCE' '-D' '_LARGEFILE64_SOURCE' '-D' '_FILE_OFFSET_BITS=64' '-Os' '-D' 'NDEBUG' '-v' '-o' 'cmTC_51f01' '-shared-libgcc' '-mlittle-endian'
make[2]: Leaving directory '/mnt/vda3/test_netconf/openil_1028/output/build/qoriq-sysrepo-tsn-v0.2/CMakeFiles/CMakeTmp'
make[1]: Leaving directory '/mnt/vda3/test_netconf/openil_1028/output/build/qoriq-sysrepo-tsn-v0.2/CMakeFiles/CMakeTmp'


Parsed CXX implicit link information from above output:
  link line regex: [^( *|.*[/\])(aarch64-linux-gnu-ld|CMAKE_LINK_STARTFILE-NOTFOUND|([^/\]+-)?ld|collect2)[^/\]*( |$)]
  ignore line: [Change Dir: /mnt/vda3/test_netconf/openil_1028/output/build/qoriq-sysrepo-tsn-v0.2/CMakeFiles/CMakeTmp]
  ignore line: []
  ignore line: [Run Build Command:"/usr/bin/make" "cmTC_51f01/fast"]
  ignore line: [make[1]: Entering directory '/mnt/vda3/test_netconf/openil_1028/output/build/qoriq-sysrepo-tsn-v0.2/CMakeFiles/CMakeTmp']
  ignore line: [/usr/bin/make -f CMakeFiles/cmTC_51f01.dir/build.make CMakeFiles/cmTC_51f01.dir/build]
  ignore line: [make[2]: Entering directory '/mnt/vda3/test_netconf/openil_1028/output/build/qoriq-sysrepo-tsn-v0.2/CMakeFiles/CMakeTmp']
  ignore line: [Building CXX object CMakeFiles/cmTC_51f01.dir/CMakeCXXCompilerABI.cpp.o]
  ignore line: [/mnt/vda3/test_netconf/openil_1028/output/host/bin/aarch64-linux-gnu-g++ --sysroot=/mnt/vda3/test_netconf/openil_1028/output/host/aarch64-buildroot-linux-gnu/sysroot    -D_LARGEFILE_SOURCE -D_LARGEFILE64_SOURCE -D_FILE_OFFSET_BITS=64 -Os   -DNDEBUG   -o CMakeFiles/cmTC_51f01.dir/CMakeCXXCompilerABI.cpp.o -c /home/whb/.local/lib/python3.6/site-packages/cmake/data/share/cmake-3.13/Modules/CMakeCXXCompilerABI.cpp]
  ignore line: [Linking CXX executable cmTC_51f01]
  ignore line: [/home/whb/.local/lib/python3.6/site-packages/cmake/data/bin/cmake -E cmake_link_script CMakeFiles/cmTC_51f01.dir/link.txt --verbose=1]
  ignore line: [/mnt/vda3/test_netconf/openil_1028/output/host/bin/aarch64-linux-gnu-g++ --sysroot=/mnt/vda3/test_netconf/openil_1028/output/host/aarch64-buildroot-linux-gnu/sysroot  -D_LARGEFILE_SOURCE -D_LARGEFILE64_SOURCE -D_FILE_OFFSET_BITS=64 -Os   -DNDEBUG   -v CMakeFiles/cmTC_51f01.dir/CMakeCXXCompilerABI.cpp.o  -o cmTC_51f01 ]
  ignore line: [Using built-in specs.]
  ignore line: [COLLECT_GCC=/mnt/vda3/test_netconf/openil_1028/output/host/opt/ext-toolchain/bin/aarch64-linux-gnu-g++]
  ignore line: [COLLECT_LTO_WRAPPER=/mnt/vda3/test_netconf/openil_1028/output/host/opt/ext-toolchain/bin/../libexec/gcc/aarch64-linux-gnu/7.5.0/lto-wrapper]
  ignore line: [Target: aarch64-linux-gnu]
  ignore line: [Configured with: '/home/tcwg-buildslave/workspace/tcwg-make-release_0/snapshots/gcc.git~linaro-7.5-2019.12/configure' SHELL=/bin/bash --with-mpc=/home/tcwg-buildslave/workspace/tcwg-make-release_0/_build/builds/destdir/x86_64-unknown-linux-gnu --with-mpfr=/home/tcwg-buildslave/workspace/tcwg-make-release_0/_build/builds/destdir/x86_64-unknown-linux-gnu --with-gmp=/home/tcwg-buildslave/workspace/tcwg-make-release_0/_build/builds/destdir/x86_64-unknown-linux-gnu --with-gnu-as --with-gnu-ld --disable-libmudflap --enable-lto --enable-shared --without-included-gettext --enable-nls --with-system-zlib --disable-sjlj-exceptions --enable-gnu-unique-object --enable-linker-build-id --disable-libstdcxx-pch --enable-c99 --enable-clocale=gnu --enable-libstdcxx-debug --enable-long-long --with-cloog=no --with-ppl=no --with-isl=no --disable-multilib --enable-fix-cortex-a53-835769 --enable-fix-cortex-a53-843419 --with-arch=armv8-a --enable-threads=posix --enable-multiarch --enable-libstdcxx-time=yes --enable-gnu-indirect-function --with-build-sysroot=/home/tcwg-buildslave/workspace/tcwg-make-release_0/_build/sysroots/aarch64-linux-gnu --with-sysroot=/home/tcwg-buildslave/workspace/tcwg-make-release_0/_build/builds/destdir/x86_64-unknown-linux-gnu/aarch64-linux-gnu/libc --enable-checking=release --disable-bootstrap --enable-languages=c,c++,fortran,lto --build=x86_64-unknown-linux-gnu --host=x86_64-unknown-linux-gnu --target=aarch64-linux-gnu --prefix=/home/tcwg-buildslave/workspace/tcwg-make-release_0/_build/builds/destdir/x86_64-unknown-linux-gnu]
  ignore line: [Thread model: posix]
  ignore line: [gcc version 7.5.0 (Linaro GCC 7.5-2019.12) ]
  ignore line: [COMPILER_PATH=/mnt/vda3/test_netconf/openil_1028/output/host/opt/ext-toolchain/bin/../libexec/gcc/aarch64-linux-gnu/7.5.0/:/mnt/vda3/test_netconf/openil_1028/output/host/opt/ext-toolchain/bin/../libexec/gcc/aarch64-linux-gnu/:/mnt/vda3/test_netconf/openil_1028/output/host/opt/ext-toolchain/bin/../libexec/gcc/:/mnt/vda3/test_netconf/openil_1028/output/host/opt/ext-toolchain/bin/../lib/gcc/aarch64-linux-gnu/7.5.0/../../../../aarch64-linux-gnu/bin/]
  ignore line: [LIBRARY_PATH=/mnt/vda3/test_netconf/openil_1028/output/host/opt/ext-toolchain/bin/../lib/gcc/aarch64-linux-gnu/7.5.0/:/mnt/vda3/test_netconf/openil_1028/output/host/opt/ext-toolchain/bin/../lib/gcc/aarch64-linux-gnu/:/mnt/vda3/test_netconf/openil_1028/output/host/opt/ext-toolchain/bin/../lib/gcc/:/mnt/vda3/test_netconf/openil_1028/output/host/opt/ext-toolchain/bin/../lib/gcc/aarch64-linux-gnu/7.5.0/../../../../aarch64-linux-gnu/lib/../lib64/:/mnt/vda3/test_netconf/openil_1028/output/host/aarch64-buildroot-linux-gnu/sysroot/lib/../lib64/:/mnt/vda3/test_netconf/openil_1028/output/host/aarch64-buildroot-linux-gnu/sysroot/usr/lib/../lib64/:/mnt/vda3/test_netconf/openil_1028/output/host/opt/ext-toolchain/bin/../lib/gcc/aarch64-linux-gnu/7.5.0/../../../../aarch64-linux-gnu/lib/:/mnt/vda3/test_netconf/openil_1028/output/host/aarch64-buildroot-linux-gnu/sysroot/lib/:/mnt/vda3/test_netconf/openil_1028/output/host/aarch64-buildroot-linux-gnu/sysroot/usr/lib/]
  ignore line: [COLLECT_GCC_OPTIONS='-mabi=lp64' '-mcpu=cortex-a72' '-D' '_LARGEFILE_SOURCE' '-D' '_LARGEFILE64_SOURCE' '-D' '_FILE_OFFSET_BITS=64' '-Os' '-D' 'NDEBUG' '-v' '-o' 'cmTC_51f01' '-shared-libgcc' '-mlittle-endian']
  link line: [ /mnt/vda3/test_netconf/openil_1028/output/host/opt/ext-toolchain/bin/../libexec/gcc/aarch64-linux-gnu/7.5.0/collect2 -plugin /mnt/vda3/test_netconf/openil_1028/output/host/opt/ext-toolchain/bin/../libexec/gcc/aarch64-linux-gnu/7.5.0/liblto_plugin.so -plugin-opt=/mnt/vda3/test_netconf/openil_1028/output/host/opt/ext-toolchain/bin/../libexec/gcc/aarch64-linux-gnu/7.5.0/lto-wrapper -plugin-opt=-fresolution=/tmp/cc2hpzCl.res -plugin-opt=-pass-through=-lgcc_s -plugin-opt=-pass-through=-lgcc -plugin-opt=-pass-through=-lc -plugin-opt=-pass-through=-lgcc_s -plugin-opt=-pass-through=-lgcc --sysroot=/mnt/vda3/test_netconf/openil_1028/output/host/aarch64-buildroot-linux-gnu/sysroot --build-id --eh-frame-hdr -dynamic-linker /lib/ld-linux-aarch64.so.1 -X -EL -maarch64linux --fix-cortex-a53-835769 --fix-cortex-a53-843419 -o cmTC_51f01 /mnt/vda3/test_netconf/openil_1028/output/host/aarch64-buildroot-linux-gnu/sysroot/usr/lib/../lib64/crt1.o /mnt/vda3/test_netconf/openil_1028/output/host/aarch64-buildroot-linux-gnu/sysroot/usr/lib/../lib64/crti.o /mnt/vda3/test_netconf/openil_1028/output/host/opt/ext-toolchain/bin/../lib/gcc/aarch64-linux-gnu/7.5.0/crtbegin.o -L/mnt/vda3/test_netconf/openil_1028/output/host/opt/ext-toolchain/bin/../lib/gcc/aarch64-linux-gnu/7.5.0 -L/mnt/vda3/test_netconf/openil_1028/output/host/opt/ext-toolchain/bin/../lib/gcc/aarch64-linux-gnu -L/mnt/vda3/test_netconf/openil_1028/output/host/opt/ext-toolchain/bin/../lib/gcc -L/mnt/vda3/test_netconf/openil_1028/output/host/opt/ext-toolchain/bin/../lib/gcc/aarch64-linux-gnu/7.5.0/../../../../aarch64-linux-gnu/lib/../lib64 -L/mnt/vda3/test_netconf/openil_1028/output/host/aarch64-buildroot-linux-gnu/sysroot/lib/../lib64 -L/mnt/vda3/test_netconf/openil_1028/output/host/aarch64-buildroot-linux-gnu/sysroot/usr/lib/../lib64 -L/mnt/vda3/test_netconf/openil_1028/output/host/opt/ext-toolchain/bin/../lib/gcc/aarch64-linux-gnu/7.5.0/../../../../aarch64-linux-gnu/lib -L/mnt/vda3/test_netconf/openil_1028/output/host/aarch64-buildroot-linux-gnu/sysroot/lib -L/mnt/vda3/test_netconf/openil_1028/output/host/aarch64-buildroot-linux-gnu/sysroot/usr/lib CMakeFiles/cmTC_51f01.dir/CMakeCXXCompilerABI.cpp.o -lstdc++ -lm -lgcc_s -lgcc -lc -lgcc_s -lgcc /mnt/vda3/test_netconf/openil_1028/output/host/opt/ext-toolchain/bin/../lib/gcc/aarch64-linux-gnu/7.5.0/crtend.o /mnt/vda3/test_netconf/openil_1028/output/host/aarch64-buildroot-linux-gnu/sysroot/usr/lib/../lib64/crtn.o]
    arg [/mnt/vda3/test_netconf/openil_1028/output/host/opt/ext-toolchain/bin/../libexec/gcc/aarch64-linux-gnu/7.5.0/collect2] ==> ignore
    arg [-plugin] ==> ignore
    arg [/mnt/vda3/test_netconf/openil_1028/output/host/opt/ext-toolchain/bin/../libexec/gcc/aarch64-linux-gnu/7.5.0/liblto_plugin.so] ==> ignore
    arg [-plugin-opt=/mnt/vda3/test_netconf/openil_1028/output/host/opt/ext-toolchain/bin/../libexec/gcc/aarch64-linux-gnu/7.5.0/lto-wrapper] ==> ignore
    arg [-plugin-opt=-fresolution=/tmp/cc2hpzCl.res] ==> ignore
    arg [-plugin-opt=-pass-through=-lgcc_s] ==> ignore
    arg [-plugin-opt=-pass-through=-lgcc] ==> ignore
    arg [-plugin-opt=-pass-through=-lc] ==> ignore
    arg [-plugin-opt=-pass-through=-lgcc_s] ==> ignore
    arg [-plugin-opt=-pass-through=-lgcc] ==> ignore
    arg [--sysroot=/mnt/vda3/test_netconf/openil_1028/output/host/aarch64-buildroot-linux-gnu/sysroot] ==> ignore
    arg [--build-id] ==> ignore
    arg [--eh-frame-hdr] ==> ignore
    arg [-dynamic-linker] ==> ignore
    arg [/lib/ld-linux-aarch64.so.1] ==> ignore
    arg [-X] ==> ignore
    arg [-EL] ==> ignore
    arg [-maarch64linux] ==> ignore
    arg [--fix-cortex-a53-835769] ==> ignore
    arg [--fix-cortex-a53-843419] ==> ignore
    arg [-o] ==> ignore
    arg [cmTC_51f01] ==> ignore
    arg [/mnt/vda3/test_netconf/openil_1028/output/host/aarch64-buildroot-linux-gnu/sysroot/usr/lib/../lib64/crt1.o] ==> ignore
    arg [/mnt/vda3/test_netconf/openil_1028/output/host/aarch64-buildroot-linux-gnu/sysroot/usr/lib/../lib64/crti.o] ==> ignore
    arg [/mnt/vda3/test_netconf/openil_1028/output/host/opt/ext-toolchain/bin/../lib/gcc/aarch64-linux-gnu/7.5.0/crtbegin.o] ==> ignore
    arg [-L/mnt/vda3/test_netconf/openil_1028/output/host/opt/ext-toolchain/bin/../lib/gcc/aarch64-linux-gnu/7.5.0] ==> dir [/mnt/vda3/test_netconf/openil_1028/output/host/opt/ext-toolchain/bin/../lib/gcc/aarch64-linux-gnu/7.5.0]
    arg [-L/mnt/vda3/test_netconf/openil_1028/output/host/opt/ext-toolchain/bin/../lib/gcc/aarch64-linux-gnu] ==> dir [/mnt/vda3/test_netconf/openil_1028/output/host/opt/ext-toolchain/bin/../lib/gcc/aarch64-linux-gnu]
    arg [-L/mnt/vda3/test_netconf/openil_1028/output/host/opt/ext-toolchain/bin/../lib/gcc] ==> dir [/mnt/vda3/test_netconf/openil_1028/output/host/opt/ext-toolchain/bin/../lib/gcc]
    arg [-L/mnt/vda3/test_netconf/openil_1028/output/host/opt/ext-toolchain/bin/../lib/gcc/aarch64-linux-gnu/7.5.0/../../../../aarch64-linux-gnu/lib/../lib64] ==> dir [/mnt/vda3/test_netconf/openil_1028/output/host/opt/ext-toolchain/bin/../lib/gcc/aarch64-linux-gnu/7.5.0/../../../../aarch64-linux-gnu/lib/../lib64]
    arg [-L/mnt/vda3/test_netconf/openil_1028/output/host/aarch64-buildroot-linux-gnu/sysroot/lib/../lib64] ==> dir [/mnt/vda3/test_netconf/openil_1028/output/host/aarch64-buildroot-linux-gnu/sysroot/lib/../lib64]
    arg [-L/mnt/vda3/test_netconf/openil_1028/output/host/aarch64-buildroot-linux-gnu/sysroot/usr/lib/../lib64] ==> dir [/mnt/vda3/test_netconf/openil_1028/output/host/aarch64-buildroot-linux-gnu/sysroot/usr/lib/../lib64]
    arg [-L/mnt/vda3/test_netconf/openil_1028/output/host/opt/ext-toolchain/bin/../lib/gcc/aarch64-linux-gnu/7.5.0/../../../../aarch64-linux-gnu/lib] ==> dir [/mnt/vda3/test_netconf/openil_1028/output/host/opt/ext-toolchain/bin/../lib/gcc/aarch64-linux-gnu/7.5.0/../../../../aarch64-linux-gnu/lib]
    arg [-L/mnt/vda3/test_netconf/openil_1028/output/host/aarch64-buildroot-linux-gnu/sysroot/lib] ==> dir [/mnt/vda3/test_netconf/openil_1028/output/host/aarch64-buildroot-linux-gnu/sysroot/lib]
    arg [-L/mnt/vda3/test_netconf/openil_1028/output/host/aarch64-buildroot-linux-gnu/sysroot/usr/lib] ==> dir [/mnt/vda3/test_netconf/openil_1028/output/host/aarch64-buildroot-linux-gnu/sysroot/usr/lib]
    arg [CMakeFiles/cmTC_51f01.dir/CMakeCXXCompilerABI.cpp.o] ==> ignore
    arg [-lstdc++] ==> lib [stdc++]
    arg [-lm] ==> lib [m]
    arg [-lgcc_s] ==> lib [gcc_s]
    arg [-lgcc] ==> lib [gcc]
    arg [-lc] ==> lib [c]
    arg [-lgcc_s] ==> lib [gcc_s]
    arg [-lgcc] ==> lib [gcc]
    arg [/mnt/vda3/test_netconf/openil_1028/output/host/opt/ext-toolchain/bin/../lib/gcc/aarch64-linux-gnu/7.5.0/crtend.o] ==> ignore
    arg [/mnt/vda3/test_netconf/openil_1028/output/host/aarch64-buildroot-linux-gnu/sysroot/usr/lib/../lib64/crtn.o] ==> ignore
  collapse library dir [/mnt/vda3/test_netconf/openil_1028/output/host/opt/ext-toolchain/bin/../lib/gcc/aarch64-linux-gnu/7.5.0] ==> [/mnt/vda3/test_netconf/openil_1028/output/host/opt/ext-toolchain/lib/gcc/aarch64-linux-gnu/7.5.0]
  collapse library dir [/mnt/vda3/test_netconf/openil_1028/output/host/opt/ext-toolchain/bin/../lib/gcc/aarch64-linux-gnu] ==> [/mnt/vda3/test_netconf/openil_1028/output/host/opt/ext-toolchain/lib/gcc/aarch64-linux-gnu]
  collapse library dir [/mnt/vda3/test_netconf/openil_1028/output/host/opt/ext-toolchain/bin/../lib/gcc] ==> [/mnt/vda3/test_netconf/openil_1028/output/host/opt/ext-toolchain/lib/gcc]
  collapse library dir [/mnt/vda3/test_netconf/openil_1028/output/host/opt/ext-toolchain/bin/../lib/gcc/aarch64-linux-gnu/7.5.0/../../../../aarch64-linux-gnu/lib/../lib64] ==> [/mnt/vda3/test_netconf/openil_1028/output/host/opt/ext-toolchain/aarch64-linux-gnu/lib64]
  collapse library dir [/mnt/vda3/test_netconf/openil_1028/output/host/aarch64-buildroot-linux-gnu/sysroot/lib/../lib64] ==> [/mnt/vda3/test_netconf/openil_1028/output/host/aarch64-buildroot-linux-gnu/sysroot/lib64]
  collapse library dir [/mnt/vda3/test_netconf/openil_1028/output/host/aarch64-buildroot-linux-gnu/sysroot/usr/lib/../lib64] ==> [/mnt/vda3/test_netconf/openil_1028/output/host/aarch64-buildroot-linux-gnu/sysroot/usr/lib64]
  collapse library dir [/mnt/vda3/test_netconf/openil_1028/output/host/opt/ext-toolchain/bin/../lib/gcc/aarch64-linux-gnu/7.5.0/../../../../aarch64-linux-gnu/lib] ==> [/mnt/vda3/test_netconf/openil_1028/output/host/opt/ext-toolchain/aarch64-linux-gnu/lib]
  collapse library dir [/mnt/vda3/test_netconf/openil_1028/output/host/aarch64-buildroot-linux-gnu/sysroot/lib] ==> [/mnt/vda3/test_netconf/openil_1028/output/host/aarch64-buildroot-linux-gnu/sysroot/lib]
  collapse library dir [/mnt/vda3/test_netconf/openil_1028/output/host/aarch64-buildroot-linux-gnu/sysroot/usr/lib] ==> [/mnt/vda3/test_netconf/openil_1028/output/host/aarch64-buildroot-linux-gnu/sysroot/usr/lib]
  implicit libs: [stdc++;m;gcc_s;gcc;c;gcc_s;gcc]
  implicit dirs: [/mnt/vda3/test_netconf/openil_1028/output/host/opt/ext-toolchain/lib/gcc/aarch64-linux-gnu/7.5.0;/mnt/vda3/test_netconf/openil_1028/output/host/opt/ext-toolchain/lib/gcc/aarch64-linux-gnu;/mnt/vda3/test_netconf/openil_1028/output/host/opt/ext-toolchain/lib/gcc;/mnt/vda3/test_netconf/openil_1028/output/host/opt/ext-toolchain/aarch64-linux-gnu/lib64;/mnt/vda3/test_netconf/openil_1028/output/host/aarch64-buildroot-linux-gnu/sysroot/lib64;/mnt/vda3/test_netconf/openil_1028/output/host/aarch64-buildroot-linux-gnu/sysroot/usr/lib64;/mnt/vda3/test_netconf/openil_1028/output/host/opt/ext-toolchain/aarch64-linux-gnu/lib;/mnt/vda3/test_netconf/openil_1028/output/host/aarch64-buildroot-linux-gnu/sysroot/lib;/mnt/vda3/test_netconf/openil_1028/output/host/aarch64-buildroot-linux-gnu/sysroot/usr/lib]
  implicit fwks: []




Detecting CXX [-std=c++1z] compiler features compiled with the following output:
Change Dir: /mnt/vda3/test_netconf/openil_1028/output/build/qoriq-sysrepo-tsn-v0.2/CMakeFiles/CMakeTmp

Run Build Command:"/usr/bin/make" "cmTC_f186f/fast"
make[1]: Entering directory '/mnt/vda3/test_netconf/openil_1028/output/build/qoriq-sysrepo-tsn-v0.2/CMakeFiles/CMakeTmp'
/usr/bin/make -f CMakeFiles/cmTC_f186f.dir/build.make CMakeFiles/cmTC_f186f.dir/build
make[2]: Entering directory '/mnt/vda3/test_netconf/openil_1028/output/build/qoriq-sysrepo-tsn-v0.2/CMakeFiles/CMakeTmp'
Building CXX object CMakeFiles/cmTC_f186f.dir/feature_tests.cxx.o
/mnt/vda3/test_netconf/openil_1028/output/host/bin/aarch64-linux-gnu-g++ --sysroot=/mnt/vda3/test_netconf/openil_1028/output/host/aarch64-buildroot-linux-gnu/sysroot    -D_LARGEFILE_SOURCE -D_LARGEFILE64_SOURCE -D_FILE_OFFSET_BITS=64 -Os   -DNDEBUG   -std=c++1z -o CMakeFiles/cmTC_f186f.dir/feature_tests.cxx.o -c /mnt/vda3/test_netconf/openil_1028/output/build/qoriq-sysrepo-tsn-v0.2/CMakeFiles/feature_tests.cxx
Linking CXX executable cmTC_f186f
/home/whb/.local/lib/python3.6/site-packages/cmake/data/bin/cmake -E cmake_link_script CMakeFiles/cmTC_f186f.dir/link.txt --verbose=1
/mnt/vda3/test_netconf/openil_1028/output/host/bin/aarch64-linux-gnu-g++ --sysroot=/mnt/vda3/test_netconf/openil_1028/output/host/aarch64-buildroot-linux-gnu/sysroot  -D_LARGEFILE_SOURCE -D_LARGEFILE64_SOURCE -D_FILE_OFFSET_BITS=64 -Os   -DNDEBUG    CMakeFiles/cmTC_f186f.dir/feature_tests.cxx.o  -o cmTC_f186f 
make[2]: Leaving directory '/mnt/vda3/test_netconf/openil_1028/output/build/qoriq-sysrepo-tsn-v0.2/CMakeFiles/CMakeTmp'
make[1]: Leaving directory '/mnt/vda3/test_netconf/openil_1028/output/build/qoriq-sysrepo-tsn-v0.2/CMakeFiles/CMakeTmp'


    Feature record: CXX_FEATURE:1cxx_aggregate_default_initializers
    Feature record: CXX_FEATURE:1cxx_alias_templates
    Feature record: CXX_FEATURE:1cxx_alignas
    Feature record: CXX_FEATURE:1cxx_alignof
    Feature record: CXX_FEATURE:1cxx_attributes
    Feature record: CXX_FEATURE:1cxx_attribute_deprecated
    Feature record: CXX_FEATURE:1cxx_auto_type
    Feature record: CXX_FEATURE:1cxx_binary_literals
    Feature record: CXX_FEATURE:1cxx_constexpr
    Feature record: CXX_FEATURE:1cxx_contextual_conversions
    Feature record: CXX_FEATURE:1cxx_decltype
    Feature record: CXX_FEATURE:1cxx_decltype_auto
    Feature record: CXX_FEATURE:1cxx_decltype_incomplete_return_types
    Feature record: CXX_FEATURE:1cxx_default_function_template_args
    Feature record: CXX_FEATURE:1cxx_defaulted_functions
    Feature record: CXX_FEATURE:1cxx_defaulted_move_initializers
    Feature record: CXX_FEATURE:1cxx_delegating_constructors
    Feature record: CXX_FEATURE:1cxx_deleted_functions
    Feature record: CXX_FEATURE:1cxx_digit_separators
    Feature record: CXX_FEATURE:1cxx_enum_forward_declarations
    Feature record: CXX_FEATURE:1cxx_explicit_conversions
    Feature record: CXX_FEATURE:1cxx_extended_friend_declarations
    Feature record: CXX_FEATURE:1cxx_extern_templates
    Feature record: CXX_FEATURE:1cxx_final
    Feature record: CXX_FEATURE:1cxx_func_identifier
    Feature record: CXX_FEATURE:1cxx_generalized_initializers
    Feature record: CXX_FEATURE:1cxx_generic_lambdas
    Feature record: CXX_FEATURE:1cxx_inheriting_constructors
    Feature record: CXX_FEATURE:1cxx_inline_namespaces
    Feature record: CXX_FEATURE:1cxx_lambdas
    Feature record: CXX_FEATURE:1cxx_lambda_init_captures
    Feature record: CXX_FEATURE:1cxx_local_type_template_args
    Feature record: CXX_FEATURE:1cxx_long_long_type
    Feature record: CXX_FEATURE:1cxx_noexcept
    Feature record: CXX_FEATURE:1cxx_nonstatic_member_init
    Feature record: CXX_FEATURE:1cxx_nullptr
    Feature record: CXX_FEATURE:1cxx_override
    Feature record: CXX_FEATURE:1cxx_range_for
    Feature record: CXX_FEATURE:1cxx_raw_string_literals
    Feature record: CXX_FEATURE:1cxx_reference_qualified_functions
    Feature record: CXX_FEATURE:1cxx_relaxed_constexpr
    Feature record: CXX_FEATURE:1cxx_return_type_deduction
    Feature record: CXX_FEATURE:1cxx_right_angle_brackets
    Feature record: CXX_FEATURE:1cxx_rvalue_references
    Feature record: CXX_FEATURE:1cxx_sizeof_member
    Feature record: CXX_FEATURE:1cxx_static_assert
    Feature record: CXX_FEATURE:1cxx_strong_enums
    Feature record: CXX_FEATURE:1cxx_template_template_parameters
    Feature record: CXX_FEATURE:1cxx_thread_local
    Feature record: CXX_FEATURE:1cxx_trailing_return_types
    Feature record: CXX_FEATURE:1cxx_unicode_literals
    Feature record: CXX_FEATURE:1cxx_uniform_initialization
    Feature record: CXX_FEATURE:1cxx_unrestricted_unions
    Feature record: CXX_FEATURE:1cxx_user_literals
    Feature record: CXX_FEATURE:1cxx_variable_templates
    Feature record: CXX_FEATURE:1cxx_variadic_macros
    Feature record: CXX_FEATURE:1cxx_variadic_templates


Detecting CXX [-std=c++14] compiler features compiled with the following output:
Change Dir: /mnt/vda3/test_netconf/openil_1028/output/build/qoriq-sysrepo-tsn-v0.2/CMakeFiles/CMakeTmp

Run Build Command:"/usr/bin/make" "cmTC_0f433/fast"
make[1]: Entering directory '/mnt/vda3/test_netconf/openil_1028/output/build/qoriq-sysrepo-tsn-v0.2/CMakeFiles/CMakeTmp'
/usr/bin/make -f CMakeFiles/cmTC_0f433.dir/build.make CMakeFiles/cmTC_0f433.dir/build
make[2]: Entering directory '/mnt/vda3/test_netconf/openil_1028/output/build/qoriq-sysrepo-tsn-v0.2/CMakeFiles/CMakeTmp'
Building CXX object CMakeFiles/cmTC_0f433.dir/feature_tests.cxx.o
/mnt/vda3/test_netconf/openil_1028/output/host/bin/aarch64-linux-gnu-g++ --sysroot=/mnt/vda3/test_netconf/openil_1028/output/host/aarch64-buildroot-linux-gnu/sysroot    -D_LARGEFILE_SOURCE -D_LARGEFILE64_SOURCE -D_FILE_OFFSET_BITS=64 -Os   -DNDEBUG   -std=c++14 -o CMakeFiles/cmTC_0f433.dir/feature_tests.cxx.o -c /mnt/vda3/test_netconf/openil_1028/output/build/qoriq-sysrepo-tsn-v0.2/CMakeFiles/feature_tests.cxx
Linking CXX executable cmTC_0f433
/home/whb/.local/lib/python3.6/site-packages/cmake/data/bin/cmake -E cmake_link_script CMakeFiles/cmTC_0f433.dir/link.txt --verbose=1
/mnt/vda3/test_netconf/openil_1028/output/host/bin/aarch64-linux-gnu-g++ --sysroot=/mnt/vda3/test_netconf/openil_1028/output/host/aarch64-buildroot-linux-gnu/sysroot  -D_LARGEFILE_SOURCE -D_LARGEFILE64_SOURCE -D_FILE_OFFSET_BITS=64 -Os   -DNDEBUG    CMakeFiles/cmTC_0f433.dir/feature_tests.cxx.o  -o cmTC_0f433 
make[2]: Leaving directory '/mnt/vda3/test_netconf/openil_1028/output/build/qoriq-sysrepo-tsn-v0.2/CMakeFiles/CMakeTmp'
make[1]: Leaving directory '/mnt/vda3/test_netconf/openil_1028/output/build/qoriq-sysrepo-tsn-v0.2/CMakeFiles/CMakeTmp'


    Feature record: CXX_FEATURE:1cxx_aggregate_default_initializers
    Feature record: CXX_FEATURE:1cxx_alias_templates
    Feature record: CXX_FEATURE:1cxx_alignas
    Feature record: CXX_FEATURE:1cxx_alignof
    Feature record: CXX_FEATURE:1cxx_attributes
    Feature record: CXX_FEATURE:1cxx_attribute_deprecated
    Feature record: CXX_FEATURE:1cxx_auto_type
    Feature record: CXX_FEATURE:1cxx_binary_literals
    Feature record: CXX_FEATURE:1cxx_constexpr
    Feature record: CXX_FEATURE:1cxx_contextual_conversions
    Feature record: CXX_FEATURE:1cxx_decltype
    Feature record: CXX_FEATURE:1cxx_decltype_auto
    Feature record: CXX_FEATURE:1cxx_decltype_incomplete_return_types
    Feature record: CXX_FEATURE:1cxx_default_function_template_args
    Feature record: CXX_FEATURE:1cxx_defaulted_functions
    Feature record: CXX_FEATURE:1cxx_defaulted_move_initializers
    Feature record: CXX_FEATURE:1cxx_delegating_constructors
    Feature record: CXX_FEATURE:1cxx_deleted_functions
    Feature record: CXX_FEATURE:1cxx_digit_separators
    Feature record: CXX_FEATURE:1cxx_enum_forward_declarations
    Feature record: CXX_FEATURE:1cxx_explicit_conversions
    Feature record: CXX_FEATURE:1cxx_extended_friend_declarations
    Feature record: CXX_FEATURE:1cxx_extern_templates
    Feature record: CXX_FEATURE:1cxx_final
    Feature record: CXX_FEATURE:1cxx_func_identifier
    Feature record: CXX_FEATURE:1cxx_generalized_initializers
    Feature record: CXX_FEATURE:1cxx_generic_lambdas
    Feature record: CXX_FEATURE:1cxx_inheriting_constructors
    Feature record: CXX_FEATURE:1cxx_inline_namespaces
    Feature record: CXX_FEATURE:1cxx_lambdas
    Feature record: CXX_FEATURE:1cxx_lambda_init_captures
    Feature record: CXX_FEATURE:1cxx_local_type_template_args
    Feature record: CXX_FEATURE:1cxx_long_long_type
    Feature record: CXX_FEATURE:1cxx_noexcept
    Feature record: CXX_FEATURE:1cxx_nonstatic_member_init
    Feature record: CXX_FEATURE:1cxx_nullptr
    Feature record: CXX_FEATURE:1cxx_override
    Feature record: CXX_FEATURE:1cxx_range_for
    Feature record: CXX_FEATURE:1cxx_raw_string_literals
    Feature record: CXX_FEATURE:1cxx_reference_qualified_functions
    Feature record: CXX_FEATURE:1cxx_relaxed_constexpr
    Feature record: CXX_FEATURE:1cxx_return_type_deduction
    Feature record: CXX_FEATURE:1cxx_right_angle_brackets
    Feature record: CXX_FEATURE:1cxx_rvalue_references
    Feature record: CXX_FEATURE:1cxx_sizeof_member
    Feature record: CXX_FEATURE:1cxx_static_assert
    Feature record: CXX_FEATURE:1cxx_strong_enums
    Feature record: CXX_FEATURE:1cxx_template_template_parameters
    Feature record: CXX_FEATURE:1cxx_thread_local
    Feature record: CXX_FEATURE:1cxx_trailing_return_types
    Feature record: CXX_FEATURE:1cxx_unicode_literals
    Feature record: CXX_FEATURE:1cxx_uniform_initialization
    Feature record: CXX_FEATURE:1cxx_unrestricted_unions
    Feature record: CXX_FEATURE:1cxx_user_literals
    Feature record: CXX_FEATURE:1cxx_variable_templates
    Feature record: CXX_FEATURE:1cxx_variadic_macros
    Feature record: CXX_FEATURE:1cxx_variadic_templates


Detecting CXX [-std=c++11] compiler features compiled with the following output:
Change Dir: /mnt/vda3/test_netconf/openil_1028/output/build/qoriq-sysrepo-tsn-v0.2/CMakeFiles/CMakeTmp

Run Build Command:"/usr/bin/make" "cmTC_2c5e9/fast"
make[1]: Entering directory '/mnt/vda3/test_netconf/openil_1028/output/build/qoriq-sysrepo-tsn-v0.2/CMakeFiles/CMakeTmp'
/usr/bin/make -f CMakeFiles/cmTC_2c5e9.dir/build.make CMakeFiles/cmTC_2c5e9.dir/build
make[2]: Entering directory '/mnt/vda3/test_netconf/openil_1028/output/build/qoriq-sysrepo-tsn-v0.2/CMakeFiles/CMakeTmp'
Building CXX object CMakeFiles/cmTC_2c5e9.dir/feature_tests.cxx.o
/mnt/vda3/test_netconf/openil_1028/output/host/bin/aarch64-linux-gnu-g++ --sysroot=/mnt/vda3/test_netconf/openil_1028/output/host/aarch64-buildroot-linux-gnu/sysroot    -D_LARGEFILE_SOURCE -D_LARGEFILE64_SOURCE -D_FILE_OFFSET_BITS=64 -Os   -DNDEBUG   -std=c++11 -o CMakeFiles/cmTC_2c5e9.dir/feature_tests.cxx.o -c /mnt/vda3/test_netconf/openil_1028/output/build/qoriq-sysrepo-tsn-v0.2/CMakeFiles/feature_tests.cxx
Linking CXX executable cmTC_2c5e9
/home/whb/.local/lib/python3.6/site-packages/cmake/data/bin/cmake -E cmake_link_script CMakeFiles/cmTC_2c5e9.dir/link.txt --verbose=1
/mnt/vda3/test_netconf/openil_1028/output/host/bin/aarch64-linux-gnu-g++ --sysroot=/mnt/vda3/test_netconf/openil_1028/output/host/aarch64-buildroot-linux-gnu/sysroot  -D_LARGEFILE_SOURCE -D_LARGEFILE64_SOURCE -D_FILE_OFFSET_BITS=64 -Os   -DNDEBUG    CMakeFiles/cmTC_2c5e9.dir/feature_tests.cxx.o  -o cmTC_2c5e9 
make[2]: Leaving directory '/mnt/vda3/test_netconf/openil_1028/output/build/qoriq-sysrepo-tsn-v0.2/CMakeFiles/CMakeTmp'
make[1]: Leaving directory '/mnt/vda3/test_netconf/openil_1028/output/build/qoriq-sysrepo-tsn-v0.2/CMakeFiles/CMakeTmp'


    Feature record: CXX_FEATURE:0cxx_aggregate_default_initializers
    Feature record: CXX_FEATURE:1cxx_alias_templates
    Feature record: CXX_FEATURE:1cxx_alignas
    Feature record: CXX_FEATURE:1cxx_alignof
    Feature record: CXX_FEATURE:1cxx_attributes
    Feature record: CXX_FEATURE:0cxx_attribute_deprecated
    Feature record: CXX_FEATURE:1cxx_auto_type
    Feature record: CXX_FEATURE:0cxx_binary_literals
    Feature record: CXX_FEATURE:1cxx_constexpr
    Feature record: CXX_FEATURE:0cxx_contextual_conversions
    Feature record: CXX_FEATURE:1cxx_decltype
    Feature record: CXX_FEATURE:0cxx_decltype_auto
    Feature record: CXX_FEATURE:1cxx_decltype_incomplete_return_types
    Feature record: CXX_FEATURE:1cxx_default_function_template_args
    Feature record: CXX_FEATURE:1cxx_defaulted_functions
    Feature record: CXX_FEATURE:1cxx_defaulted_move_initializers
    Feature record: CXX_FEATURE:1cxx_delegating_constructors
    Feature record: CXX_FEATURE:1cxx_deleted_functions
    Feature record: CXX_FEATURE:0cxx_digit_separators
    Feature record: CXX_FEATURE:1cxx_enum_forward_declarations
    Feature record: CXX_FEATURE:1cxx_explicit_conversions
    Feature record: CXX_FEATURE:1cxx_extended_friend_declarations
    Feature record: CXX_FEATURE:1cxx_extern_templates
    Feature record: CXX_FEATURE:1cxx_final
    Feature record: CXX_FEATURE:1cxx_func_identifier
    Feature record: CXX_FEATURE:1cxx_generalized_initializers
    Feature record: CXX_FEATURE:0cxx_generic_lambdas
    Feature record: CXX_FEATURE:1cxx_inheriting_constructors
    Feature record: CXX_FEATURE:1cxx_inline_namespaces
    Feature record: CXX_FEATURE:1cxx_lambdas
    Feature record: CXX_FEATURE:0cxx_lambda_init_captures
    Feature record: CXX_FEATURE:1cxx_local_type_template_args
    Feature record: CXX_FEATURE:1cxx_long_long_type
    Feature record: CXX_FEATURE:1cxx_noexcept
    Feature record: CXX_FEATURE:1cxx_nonstatic_member_init
    Feature record: CXX_FEATURE:1cxx_nullptr
    Feature record: CXX_FEATURE:1cxx_override
    Feature record: CXX_FEATURE:1cxx_range_for
    Feature record: CXX_FEATURE:1cxx_raw_string_literals
    Feature record: CXX_FEATURE:1cxx_reference_qualified_functions
    Feature record: CXX_FEATURE:0cxx_relaxed_constexpr
    Feature record: CXX_FEATURE:0cxx_return_type_deduction
    Feature record: CXX_FEATURE:1cxx_right_angle_brackets
    Feature record: CXX_FEATURE:1cxx_rvalue_references
    Feature record: CXX_FEATURE:1cxx_sizeof_member
    Feature record: CXX_FEATURE:1cxx_static_assert
    Feature record: CXX_FEATURE:1cxx_strong_enums
    Feature record: CXX_FEATURE:1cxx_template_template_parameters
    Feature record: CXX_FEATURE:1cxx_thread_local
    Feature record: CXX_FEATURE:1cxx_trailing_return_types
    Feature record: CXX_FEATURE:1cxx_unicode_literals
    Feature record: CXX_FEATURE:1cxx_uniform_initialization
    Feature record: CXX_FEATURE:1cxx_unrestricted_unions
    Feature record: CXX_FEATURE:1cxx_user_literals
    Feature record: CXX_FEATURE:0cxx_variable_templates
    Feature record: CXX_FEATURE:1cxx_variadic_macros
    Feature record: CXX_FEATURE:1cxx_variadic_templates


Detecting CXX [-std=c++98] compiler features compiled with the following output:
Change Dir: /mnt/vda3/test_netconf/openil_1028/output/build/qoriq-sysrepo-tsn-v0.2/CMakeFiles/CMakeTmp

Run Build Command:"/usr/bin/make" "cmTC_f5817/fast"
make[1]: Entering directory '/mnt/vda3/test_netconf/openil_1028/output/build/qoriq-sysrepo-tsn-v0.2/CMakeFiles/CMakeTmp'
/usr/bin/make -f CMakeFiles/cmTC_f5817.dir/build.make CMakeFiles/cmTC_f5817.dir/build
make[2]: Entering directory '/mnt/vda3/test_netconf/openil_1028/output/build/qoriq-sysrepo-tsn-v0.2/CMakeFiles/CMakeTmp'
Building CXX object CMakeFiles/cmTC_f5817.dir/feature_tests.cxx.o
/mnt/vda3/test_netconf/openil_1028/output/host/bin/aarch64-linux-gnu-g++ --sysroot=/mnt/vda3/test_netconf/openil_1028/output/host/aarch64-buildroot-linux-gnu/sysroot    -D_LARGEFILE_SOURCE -D_LARGEFILE64_SOURCE -D_FILE_OFFSET_BITS=64 -Os   -DNDEBUG   -std=c++98 -o CMakeFiles/cmTC_f5817.dir/feature_tests.cxx.o -c /mnt/vda3/test_netconf/openil_1028/output/build/qoriq-sysrepo-tsn-v0.2/CMakeFiles/feature_tests.cxx
Linking CXX executable cmTC_f5817
/home/whb/.local/lib/python3.6/site-packages/cmake/data/bin/cmake -E cmake_link_script CMakeFiles/cmTC_f5817.dir/link.txt --verbose=1
/mnt/vda3/test_netconf/openil_1028/output/host/bin/aarch64-linux-gnu-g++ --sysroot=/mnt/vda3/test_netconf/openil_1028/output/host/aarch64-buildroot-linux-gnu/sysroot  -D_LARGEFILE_SOURCE -D_LARGEFILE64_SOURCE -D_FILE_OFFSET_BITS=64 -Os   -DNDEBUG    CMakeFiles/cmTC_f5817.dir/feature_tests.cxx.o  -o cmTC_f5817 
make[2]: Leaving directory '/mnt/vda3/test_netconf/openil_1028/output/build/qoriq-sysrepo-tsn-v0.2/CMakeFiles/CMakeTmp'
make[1]: Leaving directory '/mnt/vda3/test_netconf/openil_1028/output/build/qoriq-sysrepo-tsn-v0.2/CMakeFiles/CMakeTmp'


    Feature record: CXX_FEATURE:0cxx_aggregate_default_initializers
    Feature record: CXX_FEATURE:0cxx_alias_templates
    Feature record: CXX_FEATURE:0cxx_alignas
    Feature record: CXX_FEATURE:0cxx_alignof
    Feature record: CXX_FEATURE:0cxx_attributes
    Feature record: CXX_FEATURE:0cxx_attribute_deprecated
    Feature record: CXX_FEATURE:0cxx_auto_type
    Feature record: CXX_FEATURE:0cxx_binary_literals
    Feature record: CXX_FEATURE:0cxx_constexpr
    Feature record: CXX_FEATURE:0cxx_contextual_conversions
    Feature record: CXX_FEATURE:0cxx_decltype
    Feature record: CXX_FEATURE:0cxx_decltype_auto
    Feature record: CXX_FEATURE:0cxx_decltype_incomplete_return_types
    Feature record: CXX_FEATURE:0cxx_default_function_template_args
    Feature record: CXX_FEATURE:0cxx_defaulted_functions
    Feature record: CXX_FEATURE:0cxx_defaulted_move_initializers
    Feature record: CXX_FEATURE:0cxx_delegating_constructors
    Feature record: CXX_FEATURE:0cxx_deleted_functions
    Feature record: CXX_FEATURE:0cxx_digit_separators
    Feature record: CXX_FEATURE:0cxx_enum_forward_declarations
    Feature record: CXX_FEATURE:0cxx_explicit_conversions
    Feature record: CXX_FEATURE:0cxx_extended_friend_declarations
    Feature record: CXX_FEATURE:0cxx_extern_templates
    Feature record: CXX_FEATURE:0cxx_final
    Feature record: CXX_FEATURE:0cxx_func_identifier
    Feature record: CXX_FEATURE:0cxx_generalized_initializers
    Feature record: CXX_FEATURE:0cxx_generic_lambdas
    Feature record: CXX_FEATURE:0cxx_inheriting_constructors
    Feature record: CXX_FEATURE:0cxx_inline_namespaces
    Feature record: CXX_FEATURE:0cxx_lambdas
    Feature record: CXX_FEATURE:0cxx_lambda_init_captures
    Feature record: CXX_FEATURE:0cxx_local_type_template_args
    Feature record: CXX_FEATURE:0cxx_long_long_type
    Feature record: CXX_FEATURE:0cxx_noexcept
    Feature record: CXX_FEATURE:0cxx_nonstatic_member_init
    Feature record: CXX_FEATURE:0cxx_nullptr
    Feature record: CXX_FEATURE:0cxx_override
    Feature record: CXX_FEATURE:0cxx_range_for
    Feature record: CXX_FEATURE:0cxx_raw_string_literals
    Feature record: CXX_FEATURE:0cxx_reference_qualified_functions
    Feature record: CXX_FEATURE:0cxx_relaxed_constexpr
    Feature record: CXX_FEATURE:0cxx_return_type_deduction
    Feature record: CXX_FEATURE:0cxx_right_angle_brackets
    Feature record: CXX_FEATURE:0cxx_rvalue_references
    Feature record: CXX_FEATURE:0cxx_sizeof_member
    Feature record: CXX_FEATURE:0cxx_static_assert
    Feature record: CXX_FEATURE:0cxx_strong_enums
    Feature record: CXX_FEATURE:1cxx_template_template_parameters
    Feature record: CXX_FEATURE:0cxx_thread_local
    Feature record: CXX_FEATURE:0cxx_trailing_return_types
    Feature record: CXX_FEATURE:0cxx_unicode_literals
    Feature record: CXX_FEATURE:0cxx_uniform_initialization
    Feature record: CXX_FEATURE:0cxx_unrestricted_unions
    Feature record: CXX_FEATURE:0cxx_user_literals
    Feature record: CXX_FEATURE:0cxx_variable_templates
    Feature record: CXX_FEATURE:0cxx_variadic_macros
    Feature record: CXX_FEATURE:0cxx_variadic_templates
Determining if the include file pthread.h exists passed with the following output:
Change Dir: /mnt/vda3/test_netconf/openil_1028/output/build/qoriq-sysrepo-tsn-v0.2/CMakeFiles/CMakeTmp

Run Build Command:"/usr/bin/make" "cmTC_a6fab/fast"
make[1]: Entering directory '/mnt/vda3/test_netconf/openil_1028/output/build/qoriq-sysrepo-tsn-v0.2/CMakeFiles/CMakeTmp'
/usr/bin/make -f CMakeFiles/cmTC_a6fab.dir/build.make CMakeFiles/cmTC_a6fab.dir/build
make[2]: Entering directory '/mnt/vda3/test_netconf/openil_1028/output/build/qoriq-sysrepo-tsn-v0.2/CMakeFiles/CMakeTmp'
Building C object CMakeFiles/cmTC_a6fab.dir/CheckIncludeFile.c.o
/mnt/vda3/test_netconf/openil_1028/output/host/bin/aarch64-linux-gnu-gcc --sysroot=/mnt/vda3/test_netconf/openil_1028/output/host/aarch64-buildroot-linux-gnu/sysroot   -D_LARGEFILE_SOURCE -D_LARGEFILE64_SOURCE -D_FILE_OFFSET_BITS=64 -Os -Wall -Wpedantic   -DNDEBUG   -o CMakeFiles/cmTC_a6fab.dir/CheckIncludeFile.c.o   -c /mnt/vda3/test_netconf/openil_1028/output/build/qoriq-sysrepo-tsn-v0.2/CMakeFiles/CMakeTmp/CheckIncludeFile.c
Linking C executable cmTC_a6fab
/home/whb/.local/lib/python3.6/site-packages/cmake/data/bin/cmake -E cmake_link_script CMakeFiles/cmTC_a6fab.dir/link.txt --verbose=1
/mnt/vda3/test_netconf/openil_1028/output/host/bin/aarch64-linux-gnu-gcc --sysroot=/mnt/vda3/test_netconf/openil_1028/output/host/aarch64-buildroot-linux-gnu/sysroot -D_LARGEFILE_SOURCE -D_LARGEFILE64_SOURCE -D_FILE_OFFSET_BITS=64 -Os -Wall -Wpedantic   -DNDEBUG    CMakeFiles/cmTC_a6fab.dir/CheckIncludeFile.c.o  -o cmTC_a6fab 
make[2]: Leaving directory '/mnt/vda3/test_netconf/openil_1028/output/build/qoriq-sysrepo-tsn-v0.2/CMakeFiles/CMakeTmp'
make[1]: Leaving directory '/mnt/vda3/test_netconf/openil_1028/output/build/qoriq-sysrepo-tsn-v0.2/CMakeFiles/CMakeTmp'


Determining if the function pthread_create exists in the pthread passed with the following output:
Change Dir: /mnt/vda3/test_netconf/openil_1028/output/build/qoriq-sysrepo-tsn-v0.2/CMakeFiles/CMakeTmp

Run Build Command:"/usr/bin/make" "cmTC_8dc99/fast"
make[1]: Entering directory '/mnt/vda3/test_netconf/openil_1028/output/build/qoriq-sysrepo-tsn-v0.2/CMakeFiles/CMakeTmp'
/usr/bin/make -f CMakeFiles/cmTC_8dc99.dir/build.make CMakeFiles/cmTC_8dc99.dir/build
make[2]: Entering directory '/mnt/vda3/test_netconf/openil_1028/output/build/qoriq-sysrepo-tsn-v0.2/CMakeFiles/CMakeTmp'
Building C object CMakeFiles/cmTC_8dc99.dir/CheckFunctionExists.c.o
/mnt/vda3/test_netconf/openil_1028/output/host/bin/aarch64-linux-gnu-gcc --sysroot=/mnt/vda3/test_netconf/openil_1028/output/host/aarch64-buildroot-linux-gnu/sysroot   -D_LARGEFILE_SOURCE -D_LARGEFILE64_SOURCE -D_FILE_OFFSET_BITS=64 -Os -Wall -Wpedantic -DCHECK_FUNCTION_EXISTS=pthread_create  -DNDEBUG   -o CMakeFiles/cmTC_8dc99.dir/CheckFunctionExists.c.o   -c /home/whb/.local/lib/python3.6/site-packages/cmake/data/share/cmake-3.13/Modules/CheckFunctionExists.c
Linking C executable cmTC_8dc99
/home/whb/.local/lib/python3.6/site-packages/cmake/data/bin/cmake -E cmake_link_script CMakeFiles/cmTC_8dc99.dir/link.txt --verbose=1
/mnt/vda3/test_netconf/openil_1028/output/host/bin/aarch64-linux-gnu-gcc --sysroot=/mnt/vda3/test_netconf/openil_1028/output/host/aarch64-buildroot-linux-gnu/sysroot -D_LARGEFILE_SOURCE -D_LARGEFILE64_SOURCE -D_FILE_OFFSET_BITS=64 -Os -Wall -Wpedantic -DCHECK_FUNCTION_EXISTS=pthread_create  -DNDEBUG    CMakeFiles/cmTC_8dc99.dir/CheckFunctionExists.c.o  -o cmTC_8dc99 -lpthread 
make[2]: Leaving directory '/mnt/vda3/test_netconf/openil_1028/output/build/qoriq-sysrepo-tsn-v0.2/CMakeFiles/CMakeTmp'
make[1]: Leaving directory '/mnt/vda3/test_netconf/openil_1028/output/build/qoriq-sysrepo-tsn-v0.2/CMakeFiles/CMakeTmp'


