Determining if the pthread_create exist failed with the following output:
Change Dir: /mnt/vda3/test_netconf/openil_1028/output/build/qoriq-sysrepo-tsn-v0.2/CMakeFiles/CMakeTmp

Run Build Command:"/usr/bin/make" "cmTC_19157/fast"
make[1]: Entering directory '/mnt/vda3/test_netconf/openil_1028/output/build/qoriq-sysrepo-tsn-v0.2/CMakeFiles/CMakeTmp'
/usr/bin/make -f CMakeFiles/cmTC_19157.dir/build.make CMakeFiles/cmTC_19157.dir/build
make[2]: Entering directory '/mnt/vda3/test_netconf/openil_1028/output/build/qoriq-sysrepo-tsn-v0.2/CMakeFiles/CMakeTmp'
Building C object CMakeFiles/cmTC_19157.dir/CheckSymbolExists.c.o
/mnt/vda3/test_netconf/openil_1028/output/host/bin/aarch64-linux-gnu-gcc --sysroot=/mnt/vda3/test_netconf/openil_1028/output/host/aarch64-buildroot-linux-gnu/sysroot   -D_LARGEFILE_SOURCE -D_LARGEFILE64_SOURCE -D_FILE_OFFSET_BITS=64 -Os -Wall -Wpedantic   -DNDEBUG   -o CMakeFiles/cmTC_19157.dir/CheckSymbolExists.c.o   -c /mnt/vda3/test_netconf/openil_1028/output/build/qoriq-sysrepo-tsn-v0.2/CMakeFiles/CMakeTmp/CheckSymbolExists.c
/mnt/vda3/test_netconf/openil_1028/output/build/qoriq-sysrepo-tsn-v0.2/CMakeFiles/CMakeTmp/CheckSymbolExists.c: In function ‘main’:
/mnt/vda3/test_netconf/openil_1028/output/build/qoriq-sysrepo-tsn-v0.2/CMakeFiles/CMakeTmp/CheckSymbolExists.c:8:11: warning: ISO C forbids conversion of function pointer to object pointer type [-Wpedantic]
   return ((int*)(&pthread_create))[argc];
           ^
Linking C executable cmTC_19157
/home/whb/.local/lib/python3.6/site-packages/cmake/data/bin/cmake -E cmake_link_script CMakeFiles/cmTC_19157.dir/link.txt --verbose=1
/mnt/vda3/test_netconf/openil_1028/output/host/bin/aarch64-linux-gnu-gcc --sysroot=/mnt/vda3/test_netconf/openil_1028/output/host/aarch64-buildroot-linux-gnu/sysroot -D_LARGEFILE_SOURCE -D_LARGEFILE64_SOURCE -D_FILE_OFFSET_BITS=64 -Os -Wall -Wpedantic   -DNDEBUG    CMakeFiles/cmTC_19157.dir/CheckSymbolExists.c.o  -o cmTC_19157 
CMakeFiles/cmTC_19157.dir/CheckSymbolExists.c.o: In function `main':
CheckSymbolExists.c:(.text.startup+0x0): undefined reference to `pthread_create'
CheckSymbolExists.c:(.text.startup+0x4): undefined reference to `pthread_create'
collect2: error: ld returned 1 exit status
CMakeFiles/cmTC_19157.dir/build.make:86: recipe for target 'cmTC_19157' failed
make[2]: *** [cmTC_19157] Error 1
make[2]: Leaving directory '/mnt/vda3/test_netconf/openil_1028/output/build/qoriq-sysrepo-tsn-v0.2/CMakeFiles/CMakeTmp'
Makefile:121: recipe for target 'cmTC_19157/fast' failed
make[1]: *** [cmTC_19157/fast] Error 2
make[1]: Leaving directory '/mnt/vda3/test_netconf/openil_1028/output/build/qoriq-sysrepo-tsn-v0.2/CMakeFiles/CMakeTmp'

File /mnt/vda3/test_netconf/openil_1028/output/build/qoriq-sysrepo-tsn-v0.2/CMakeFiles/CMakeTmp/CheckSymbolExists.c:
/* */
#include <pthread.h>

int main(int argc, char** argv)
{
  (void)argv;
#ifndef pthread_create
  return ((int*)(&pthread_create))[argc];
#else
  (void)argc;
  return 0;
#endif
}

Determining if the function pthread_create exists in the pthreads failed with the following output:
Change Dir: /mnt/vda3/test_netconf/openil_1028/output/build/qoriq-sysrepo-tsn-v0.2/CMakeFiles/CMakeTmp

Run Build Command:"/usr/bin/make" "cmTC_0d5bb/fast"
make[1]: Entering directory '/mnt/vda3/test_netconf/openil_1028/output/build/qoriq-sysrepo-tsn-v0.2/CMakeFiles/CMakeTmp'
/usr/bin/make -f CMakeFiles/cmTC_0d5bb.dir/build.make CMakeFiles/cmTC_0d5bb.dir/build
make[2]: Entering directory '/mnt/vda3/test_netconf/openil_1028/output/build/qoriq-sysrepo-tsn-v0.2/CMakeFiles/CMakeTmp'
Building C object CMakeFiles/cmTC_0d5bb.dir/CheckFunctionExists.c.o
/mnt/vda3/test_netconf/openil_1028/output/host/bin/aarch64-linux-gnu-gcc --sysroot=/mnt/vda3/test_netconf/openil_1028/output/host/aarch64-buildroot-linux-gnu/sysroot   -D_LARGEFILE_SOURCE -D_LARGEFILE64_SOURCE -D_FILE_OFFSET_BITS=64 -Os -Wall -Wpedantic -DCHECK_FUNCTION_EXISTS=pthread_create  -DNDEBUG   -o CMakeFiles/cmTC_0d5bb.dir/CheckFunctionExists.c.o   -c /home/whb/.local/lib/python3.6/site-packages/cmake/data/share/cmake-3.13/Modules/CheckFunctionExists.c
Linking C executable cmTC_0d5bb
/home/whb/.local/lib/python3.6/site-packages/cmake/data/bin/cmake -E cmake_link_script CMakeFiles/cmTC_0d5bb.dir/link.txt --verbose=1
/mnt/vda3/test_netconf/openil_1028/output/host/bin/aarch64-linux-gnu-gcc --sysroot=/mnt/vda3/test_netconf/openil_1028/output/host/aarch64-buildroot-linux-gnu/sysroot -D_LARGEFILE_SOURCE -D_LARGEFILE64_SOURCE -D_FILE_OFFSET_BITS=64 -Os -Wall -Wpedantic -DCHECK_FUNCTION_EXISTS=pthread_create  -DNDEBUG    CMakeFiles/cmTC_0d5bb.dir/CheckFunctionExists.c.o  -o cmTC_0d5bb -lpthreads 
/mnt/vda3/test_netconf/openil_1028/output/host/opt/ext-toolchain/bin/../lib/gcc/aarch64-linux-gnu/7.5.0/../../../../aarch64-linux-gnu/bin/ld: cannot find -lpthreads
collect2: error: ld returned 1 exit status
CMakeFiles/cmTC_0d5bb.dir/build.make:86: recipe for target 'cmTC_0d5bb' failed
make[2]: *** [cmTC_0d5bb] Error 1
make[2]: Leaving directory '/mnt/vda3/test_netconf/openil_1028/output/build/qoriq-sysrepo-tsn-v0.2/CMakeFiles/CMakeTmp'
Makefile:121: recipe for target 'cmTC_0d5bb/fast' failed
make[1]: *** [cmTC_0d5bb/fast] Error 2
make[1]: Leaving directory '/mnt/vda3/test_netconf/openil_1028/output/build/qoriq-sysrepo-tsn-v0.2/CMakeFiles/CMakeTmp'


